# Scenario 1 — Sorted chunks summary log
# Generated: 2026-05-04T13:24:53.526830
# Output topic: UIT-OUTPUT
# Total chunks collected: 55
# Sample chunk (random): chunk_id=48

## SUMMARY (one line per chunk)
 chunk_id |    size |   sort_ms |        min |        max | sorted?
--------------------------------------------------------------------------------
       10 |  50,000 |   4845.61 |        175 |    9999995 | YES
       11 |  50,000 |   3631.36 |        262 |    9999794 | YES
       12 |  50,000 |   6851.18 |        167 |    9999349 | YES
       13 |  50,000 |   6329.06 |        204 |    9999894 | YES
       14 |  50,000 |   7154.65 |        147 |    9999858 | YES
       15 |  50,000 |   6564.99 |         67 |    9999769 | YES
       16 |  50,000 |   8060.24 |        289 |    9999689 | YES
       17 |  50,000 |   3640.04 |        674 |    9999994 | YES
       18 |  50,000 |    5162.6 |         27 |    9999779 | YES
       19 |  50,000 |   3183.48 |        115 |    9999786 | YES
       20 |  50,000 |   4951.85 |        229 |    9999726 | YES
       21 |  50,000 |   6272.05 |        462 |    9999593 | YES
       22 |  50,000 |    7193.1 |        125 |    9999556 | YES
       23 |  50,000 |   3982.78 |         92 |    9999979 | YES
       24 |  50,000 |   6407.67 |        450 |    9999850 | YES
       25 |  50,000 |   5987.57 |         68 |    9999794 | YES
       26 |  50,000 |   6366.93 |        284 |    9999641 | YES
       27 |  50,000 |   5948.53 |          8 |    9998875 | YES
       28 |  50,000 |   5361.94 |         58 |    9999978 | YES
       29 |  50,000 |   4667.01 |         75 |    9999638 | YES
       30 |  50,000 |   6088.03 |        150 |    9999860 | YES
       31 |  50,000 |   4882.56 |        363 |    9999893 | YES
       32 |  50,000 |   7835.18 |        304 |    9999922 | YES
       33 |  50,000 |   4535.54 |        216 |    9999775 | YES
       34 |  50,000 |   8455.24 |        549 |    9999802 | YES
       35 |  50,000 |   7671.17 |        472 |    9999984 | YES
       36 |  50,000 |   7741.14 |         26 |    9999698 | YES
       37 |  50,000 |   7800.24 |        152 |    9999934 | YES
       38 |  50,000 |    6198.3 |        157 |    9999664 | YES
       39 |  50,000 |   8514.73 |         25 |    9999442 | YES
       40 |  50,000 |   5951.01 |         32 |    9999945 | YES
       41 |  50,000 |    3959.7 |        587 |    9999918 | YES
       42 |  50,000 |   3797.29 |         45 |    9999829 | YES
       43 |  50,000 |   6444.27 |        159 |    9999430 | YES
       44 |  50,000 |   7814.67 |        421 |    9999886 | YES
       45 |  50,000 |   4481.15 |         98 |    9999944 | YES
       46 |  50,000 |   6651.63 |         33 |    9999800 | YES
       47 |  50,000 |   8109.01 |        176 |    9998839 | YES
       48 |  50,000 |   7288.48 |        117 |    9999980 | YES
       49 |  50,000 |   6193.33 |        160 |    9999918 | YES
       50 |  50,000 |   6256.97 |        301 |    9999604 | YES
       51 |  50,000 |   8169.35 |         28 |    9999909 | YES
       52 |  50,000 |   8419.16 |        512 |    9999677 | YES
       53 |  50,000 |   3821.74 |        155 |    9999843 | YES
       54 |  50,000 |    5996.4 |         70 |    9999920 | YES
       55 |  50,000 |   5158.51 |        139 |    9999750 | YES
       56 |  50,000 |   7674.59 |        291 |    9999837 | YES
       57 |  50,000 |   4403.96 |        443 |    9999934 | YES
       58 |  50,000 |   4907.18 |        269 |    9999990 | YES
       59 |  50,000 |   7226.65 |         45 |    9999959 | YES
       60 |  50,000 |   7078.65 |        353 |    9999988 | YES
       61 |  50,000 |   5129.73 |        131 |    9999519 | YES
       62 |  50,000 |   7017.15 |        107 |    9999995 | YES
       63 |  50,000 |   3506.81 |        204 |    9999790 | YES
       64 |  50,000 |   3399.13 |         46 |    9999746 | YES

## SAMPLE CHUNK (random pick) — chunk_id=48
size=50000
sort_ms=7288.48
min=117 max=9999980
is_sorted=True
first50=[117, 267, 329, 409, 465, 877, 1247, 1354, 1403, 1418, 1641, 1765, 1888, 1911, 2509, 2529, 2756, 2891, 2982, 3103, 3123, 3429, 3612, 3640, 3660, 3806, 4041, 4112, 4628, 4916, 5166, 5196, 5381, 5496, 5499, 5509, 5562, 5814, 5963, 6257, 6446, 6556, 7640, 7785, 7804, 7839, 7978, 8070, 8267, 8585]
last50=[9989615, 9989837, 9990400, 9991120, 9991168, 9991309, 9991537, 9991611, 9991632, 9991642, 9991720, 9991745, 9992277, 9992433, 9992920, 9993024, 9993126, 9993505, 9993516, 9993634, 9993817, 9994010, 9994193, 9994256, 9994652, 9994665, 9995099, 9995412, 9995452, 9995603, 9995737, 9995798, 9995996, 9996266, 9996271, 9996667, 9996680, 9996922, 9998406, 9998446, 9998689, 9998732, 9998863, 9998906, 9999428, 9999529, 9999703, 9999753, 9999940, 9999980]
middle50_at_idx_25000=[4970482, 4970573, 4970833, 4971058, 4971242, 4971278, 4971278, 4972006, 4972045, 4972052, 4972098, 4972263, 4972355, 4972381, 4972546, 4972584, 4972754, 4972884, 4972906, 4973540, 4973541, 4973669, 4974006, 4974133, 4974341, 4974392, 4974683, 4974691, 4974955, 4975401, 4975858, 4975868, 4976038, 4976641, 4976661, 4976873, 4976976, 4977508, 4978258, 4978373, 4978994, 4979090, 4979200, 4979249, 4979529, 4979662, 4979751, 4980652, 4980709, 4980730]

## K-way merge result
total_elements=2750000
is_sorted=True
min=8 max=9999995
first20=[8, 25, 26, 27, 28, 32, 33, 45, 45, 46, 53, 58, 67, 68, 70, 70, 75, 92, 94, 98]
last20=[9999922, 9999927, 9999934, 9999934, 9999940, 9999944, 9999945, 9999959, 9999962, 9999963, 9999963, 9999978, 9999979, 9999980, 9999984, 9999988, 9999990, 9999994, 9999995, 9999995]
