13:11:27 [INFO] ══════════════════════════════════════════════════════════════════════
13:11:27 [INFO]   Kịch bản 1: Scalability Test — 2026-05-04T13:11:27.869791
13:11:27 [INFO]   Log file   : /home/master/demo_logs/scenario1.log (ghi đè mỗi lần chạy)
13:11:27 [INFO]   Broker     : 100.107.243.97:30092
13:11:27 [INFO]   Prometheus : http://100.107.243.97:30090
13:11:27 [INFO]   Gateway    : http://100.107.243.97:31112
13:11:27 [INFO]   Phases     : [10, 50, 100, 150, 200] chunks/phase
13:11:27 [INFO] ══════════════════════════════════════════════════════════════════════
13:11:27 [INFO] Kết nối Kafka: 100.107.243.97:30092
13:11:27 [INFO] <BrokerConnection client_id=kafka-python-producer-1, node_id=bootstrap-0 host=100.107.243.97:30092 <connecting> [IPv4 ('100.107.243.97', 30092)]>: connecting to 100.107.243.97:30092 [('100.107.243.97', 30092) IPv4]
13:11:27 [INFO] <BrokerConnection client_id=kafka-python-producer-1, node_id=bootstrap-0 host=100.107.243.97:30092 <checking_api_versions_recv> [IPv4 ('100.107.243.97', 30092)]>: Broker version identified as 2.6
13:11:27 [INFO] <BrokerConnection client_id=kafka-python-producer-1, node_id=bootstrap-0 host=100.107.243.97:30092 <connected> [IPv4 ('100.107.243.97', 30092)]>: Connection complete.
13:11:27 [INFO] 
[PRE-TEST RESET] Scale parallel-sort → 1 pod để chứng minh scale-OUT...
13:11:28 [WARNING]   kubectl scale lỗi: time="2026-05-04T13:11:28-04:00" level=warning msg="Unable to read /etc/rancher/k3s/k3s.yaml, please start server with --write-kubeconfig-mode or --write-kubeconfig-group to modify kube config permissions"
error: error loading config file "/etc/rancher/k3s/k3s.yaml": open /etc/rancher/k3s/k3s.yaml: permission denied
13:11:28 [INFO] 
[BASELINE] Thu metrics trước khi gửi tải...
13:11:28 [INFO]   Baseline → pod_count=0 | CPU Worker1=6.4% | CPU Worker2=4.0%
13:11:28 [INFO] 
──────────────────────────────────────────────────────────────────────
13:11:28 [INFO]   PHASE 1/5: Gửi 10 chunks...
13:11:28 [INFO] ──────────────────────────────────────────────────────────────────────
13:11:28 [INFO] <BrokerConnection client_id=kafka-python-producer-1, node_id=0 host=192.168.125.106:30093 <connecting> [IPv4 ('192.168.125.106', 30093)]>: connecting to 192.168.125.106:30093 [('192.168.125.106', 30093) IPv4]
13:11:28 [INFO] <BrokerConnection client_id=kafka-python-producer-1, node_id=0 host=192.168.125.106:30093 <connected> [IPv4 ('192.168.125.106', 30093)]>: Connection complete.
13:11:28 [INFO] <BrokerConnection client_id=kafka-python-producer-1, node_id=bootstrap-0 host=100.107.243.97:30092 <connected> [IPv4 ('100.107.243.97', 30092)]>: Closing connection. 
13:11:28 [INFO] <BrokerConnection client_id=kafka-python-producer-1, node_id=100 host=192.168.125.105:30092 <connecting> [IPv4 ('192.168.125.105', 30092)]>: connecting to 192.168.125.105:30092 [('192.168.125.105', 30092) IPv4]
13:11:28 [INFO] <BrokerConnection client_id=kafka-python-producer-1, node_id=100 host=192.168.125.105:30092 <connected> [IPv4 ('192.168.125.105', 30092)]>: Connection complete.
13:11:28 [INFO]   Đã gửi chunk 1/10 (chunk_id=0)
13:11:28 [INFO]   Đã gửi chunk 2/10 (chunk_id=1)
13:11:29 [INFO]   Đã gửi chunk 3/10 (chunk_id=2)
13:11:29 [INFO]   Đã gửi chunk 4/10 (chunk_id=3)
13:11:29 [INFO]   Đã gửi chunk 5/10 (chunk_id=4)
13:11:29 [INFO]   Đã gửi chunk 6/10 (chunk_id=5)
13:11:29 [INFO]   Đã gửi chunk 7/10 (chunk_id=6)
13:11:29 [INFO]   Đã gửi chunk 8/10 (chunk_id=7)
13:11:30 [INFO]   Đã gửi chunk 9/10 (chunk_id=8)
13:11:30 [INFO]   Đã gửi chunk 10/10 (chunk_id=9)
13:11:30 [INFO]   ✓ Gửi xong 10 chunks trong 1.82s
13:11:30 [INFO]   Đợi 30s để HPA và OpenFaaS autoscaler phản ứng...
13:12:00 [INFO]   → Pods=5 | CPU Worker1=6.3% | CPU Worker2=4.1% | Invocations=894.0
13:12:00 [INFO]   Đợi 120s ổn định trước phase tiếp theo...
13:14:00 [INFO] 
──────────────────────────────────────────────────────────────────────
13:14:00 [INFO]   PHASE 2/5: Gửi 50 chunks...
13:14:00 [INFO] ──────────────────────────────────────────────────────────────────────
13:14:00 [INFO]   Đã gửi chunk 1/50 (chunk_id=10)
13:14:00 [INFO]   Đã gửi chunk 2/50 (chunk_id=11)
13:14:01 [INFO]   Đã gửi chunk 3/50 (chunk_id=12)
13:14:01 [INFO]   Đã gửi chunk 4/50 (chunk_id=13)
13:14:01 [INFO]   Đã gửi chunk 5/50 (chunk_id=14)
13:14:01 [INFO]   Đã gửi chunk 6/50 (chunk_id=15)
13:14:01 [INFO]   Đã gửi chunk 7/50 (chunk_id=16)
13:14:01 [INFO]   Đã gửi chunk 8/50 (chunk_id=17)
13:14:01 [INFO]   Đã gửi chunk 9/50 (chunk_id=18)
13:14:02 [INFO]   Đã gửi chunk 10/50 (chunk_id=19)
13:14:02 [INFO]   Đã gửi chunk 11/50 (chunk_id=20)
13:14:02 [INFO]   Đã gửi chunk 12/50 (chunk_id=21)
13:14:02 [INFO]   Đã gửi chunk 13/50 (chunk_id=22)
13:14:02 [INFO]   Đã gửi chunk 14/50 (chunk_id=23)
13:14:03 [INFO]   Đã gửi chunk 15/50 (chunk_id=24)
13:14:03 [INFO]   Đã gửi chunk 16/50 (chunk_id=25)
13:14:03 [INFO]   Đã gửi chunk 17/50 (chunk_id=26)
13:14:03 [INFO]   Đã gửi chunk 18/50 (chunk_id=27)
13:14:03 [INFO]   Đã gửi chunk 19/50 (chunk_id=28)
13:14:03 [INFO]   Đã gửi chunk 20/50 (chunk_id=29)
13:14:03 [INFO]   Đã gửi chunk 21/50 (chunk_id=30)
13:14:03 [INFO]   Đã gửi chunk 22/50 (chunk_id=31)
13:14:04 [INFO]   Đã gửi chunk 23/50 (chunk_id=32)
13:14:04 [INFO]   Đã gửi chunk 24/50 (chunk_id=33)
13:14:04 [INFO]   Đã gửi chunk 25/50 (chunk_id=34)
13:14:04 [INFO]   Đã gửi chunk 26/50 (chunk_id=35)
13:14:04 [INFO]   Đã gửi chunk 27/50 (chunk_id=36)
13:14:04 [INFO]   Đã gửi chunk 28/50 (chunk_id=37)
13:14:05 [INFO]   Đã gửi chunk 29/50 (chunk_id=38)
13:14:05 [INFO]   Đã gửi chunk 30/50 (chunk_id=39)
13:14:05 [INFO]   Đã gửi chunk 31/50 (chunk_id=40)
13:14:05 [INFO]   Đã gửi chunk 32/50 (chunk_id=41)
13:14:05 [INFO]   Đã gửi chunk 33/50 (chunk_id=42)
13:14:06 [INFO]   Đã gửi chunk 34/50 (chunk_id=43)
13:14:06 [INFO]   Đã gửi chunk 35/50 (chunk_id=44)
13:14:06 [INFO]   Đã gửi chunk 36/50 (chunk_id=45)
13:14:06 [INFO]   Đã gửi chunk 37/50 (chunk_id=46)
13:14:06 [INFO]   Đã gửi chunk 38/50 (chunk_id=47)
13:14:06 [INFO]   Đã gửi chunk 39/50 (chunk_id=48)
13:14:06 [INFO]   Đã gửi chunk 40/50 (chunk_id=49)
13:14:07 [INFO]   Đã gửi chunk 41/50 (chunk_id=50)
13:14:07 [INFO]   Đã gửi chunk 42/50 (chunk_id=51)
13:14:07 [INFO]   Đã gửi chunk 43/50 (chunk_id=52)
13:14:07 [INFO]   Đã gửi chunk 44/50 (chunk_id=53)
13:14:07 [INFO]   Đã gửi chunk 45/50 (chunk_id=54)
13:14:07 [INFO]   Đã gửi chunk 46/50 (chunk_id=55)
13:14:08 [INFO]   Đã gửi chunk 47/50 (chunk_id=56)
13:14:08 [INFO]   Đã gửi chunk 48/50 (chunk_id=57)
13:14:08 [INFO]   Đã gửi chunk 49/50 (chunk_id=58)
13:14:08 [INFO]   Đã gửi chunk 50/50 (chunk_id=59)
13:14:08 [INFO]   ✓ Gửi xong 50 chunks trong 7.85s
13:14:08 [INFO]   Đợi 30s để HPA và OpenFaaS autoscaler phản ứng...
13:14:38 [INFO]   → Pods=5 | CPU Worker1=5.1% | CPU Worker2=3.3% | Invocations=919.0
13:14:38 [INFO]   Đợi 120s ổn định trước phase tiếp theo...
13:16:38 [INFO] 
──────────────────────────────────────────────────────────────────────
13:16:38 [INFO]   PHASE 3/5: Gửi 100 chunks...
13:16:38 [INFO] ──────────────────────────────────────────────────────────────────────
13:16:39 [INFO]   Đã gửi chunk 1/100 (chunk_id=60)
13:16:39 [INFO]   Đã gửi chunk 2/100 (chunk_id=61)
13:16:39 [INFO]   Đã gửi chunk 3/100 (chunk_id=62)
13:16:39 [INFO]   Đã gửi chunk 4/100 (chunk_id=63)
13:16:40 [INFO]   Đã gửi chunk 5/100 (chunk_id=64)
13:16:40 [INFO]   Đã gửi chunk 6/100 (chunk_id=65)
13:16:40 [INFO]   Đã gửi chunk 7/100 (chunk_id=66)
13:16:40 [INFO]   Đã gửi chunk 8/100 (chunk_id=67)
13:16:40 [INFO]   Đã gửi chunk 9/100 (chunk_id=68)
13:16:40 [INFO]   Đã gửi chunk 10/100 (chunk_id=69)
13:16:41 [INFO]   Đã gửi chunk 11/100 (chunk_id=70)
13:16:41 [INFO]   Đã gửi chunk 12/100 (chunk_id=71)
13:16:41 [INFO]   Đã gửi chunk 13/100 (chunk_id=72)
13:16:41 [INFO]   Đã gửi chunk 14/100 (chunk_id=73)
13:16:41 [INFO]   Đã gửi chunk 15/100 (chunk_id=74)
13:16:41 [INFO]   Đã gửi chunk 16/100 (chunk_id=75)
13:16:42 [INFO]   Đã gửi chunk 17/100 (chunk_id=76)
13:16:42 [INFO]   Đã gửi chunk 18/100 (chunk_id=77)
13:16:42 [INFO]   Đã gửi chunk 19/100 (chunk_id=78)
13:16:42 [INFO]   Đã gửi chunk 20/100 (chunk_id=79)
13:16:42 [INFO]   Đã gửi chunk 21/100 (chunk_id=80)
13:16:42 [INFO]   Đã gửi chunk 22/100 (chunk_id=81)
13:16:43 [INFO]   Đã gửi chunk 23/100 (chunk_id=82)
13:16:43 [INFO]   Đã gửi chunk 24/100 (chunk_id=83)
13:16:43 [INFO]   Đã gửi chunk 25/100 (chunk_id=84)
13:16:43 [INFO]   Đã gửi chunk 26/100 (chunk_id=85)
13:16:43 [INFO]   Đã gửi chunk 27/100 (chunk_id=86)
13:16:44 [INFO]   Đã gửi chunk 28/100 (chunk_id=87)
13:16:44 [INFO]   Đã gửi chunk 29/100 (chunk_id=88)
13:16:44 [INFO]   Đã gửi chunk 30/100 (chunk_id=89)
13:16:44 [INFO]   Đã gửi chunk 31/100 (chunk_id=90)
13:16:44 [INFO]   Đã gửi chunk 32/100 (chunk_id=91)
13:16:44 [INFO]   Đã gửi chunk 33/100 (chunk_id=92)
13:16:44 [INFO]   Đã gửi chunk 34/100 (chunk_id=93)
13:16:45 [INFO]   Đã gửi chunk 35/100 (chunk_id=94)
13:16:45 [INFO]   Đã gửi chunk 36/100 (chunk_id=95)
13:16:45 [INFO]   Đã gửi chunk 37/100 (chunk_id=96)
13:16:45 [INFO]   Đã gửi chunk 38/100 (chunk_id=97)
13:16:45 [INFO]   Đã gửi chunk 39/100 (chunk_id=98)
13:16:45 [INFO]   Đã gửi chunk 40/100 (chunk_id=99)
13:16:46 [INFO]   Đã gửi chunk 41/100 (chunk_id=100)
13:16:46 [INFO]   Đã gửi chunk 42/100 (chunk_id=101)
13:16:46 [INFO]   Đã gửi chunk 43/100 (chunk_id=102)
13:16:46 [INFO]   Đã gửi chunk 44/100 (chunk_id=103)
13:16:46 [INFO]   Đã gửi chunk 45/100 (chunk_id=104)
13:16:46 [INFO]   Đã gửi chunk 46/100 (chunk_id=105)
13:16:47 [INFO]   Đã gửi chunk 47/100 (chunk_id=106)
13:16:47 [INFO]   Đã gửi chunk 48/100 (chunk_id=107)
13:16:47 [INFO]   Đã gửi chunk 49/100 (chunk_id=108)
13:16:47 [INFO]   Đã gửi chunk 50/100 (chunk_id=109)
13:16:48 [INFO]   Đã gửi chunk 51/100 (chunk_id=110)
13:16:48 [INFO]   Đã gửi chunk 52/100 (chunk_id=111)
13:16:48 [INFO]   Đã gửi chunk 53/100 (chunk_id=112)
13:16:48 [INFO]   Đã gửi chunk 54/100 (chunk_id=113)
13:16:48 [INFO]   Đã gửi chunk 55/100 (chunk_id=114)
13:16:49 [INFO]   Đã gửi chunk 56/100 (chunk_id=115)
13:16:49 [INFO]   Đã gửi chunk 57/100 (chunk_id=116)
13:16:49 [INFO]   Đã gửi chunk 58/100 (chunk_id=117)
13:16:49 [INFO]   Đã gửi chunk 59/100 (chunk_id=118)
13:16:49 [INFO]   Đã gửi chunk 60/100 (chunk_id=119)
13:16:50 [INFO]   Đã gửi chunk 61/100 (chunk_id=120)
13:16:50 [INFO]   Đã gửi chunk 62/100 (chunk_id=121)
13:16:50 [INFO]   Đã gửi chunk 63/100 (chunk_id=122)
13:16:50 [INFO]   Đã gửi chunk 64/100 (chunk_id=123)
13:16:50 [INFO]   Đã gửi chunk 65/100 (chunk_id=124)
13:16:50 [INFO]   Đã gửi chunk 66/100 (chunk_id=125)
13:16:51 [INFO]   Đã gửi chunk 67/100 (chunk_id=126)
13:16:51 [INFO]   Đã gửi chunk 68/100 (chunk_id=127)
13:16:51 [INFO]   Đã gửi chunk 69/100 (chunk_id=128)
13:16:51 [INFO]   Đã gửi chunk 70/100 (chunk_id=129)
13:16:51 [INFO]   Đã gửi chunk 71/100 (chunk_id=130)
13:16:52 [INFO]   Đã gửi chunk 72/100 (chunk_id=131)
13:16:52 [INFO]   Đã gửi chunk 73/100 (chunk_id=132)
13:16:52 [INFO]   Đã gửi chunk 74/100 (chunk_id=133)
13:16:52 [INFO]   Đã gửi chunk 75/100 (chunk_id=134)
13:16:52 [INFO]   Đã gửi chunk 76/100 (chunk_id=135)
13:16:52 [INFO]   Đã gửi chunk 77/100 (chunk_id=136)
13:16:52 [INFO]   Đã gửi chunk 78/100 (chunk_id=137)
13:16:53 [INFO]   Đã gửi chunk 79/100 (chunk_id=138)
13:16:53 [INFO]   Đã gửi chunk 80/100 (chunk_id=139)
13:16:53 [INFO]   Đã gửi chunk 81/100 (chunk_id=140)
13:16:53 [INFO]   Đã gửi chunk 82/100 (chunk_id=141)
13:16:53 [INFO]   Đã gửi chunk 83/100 (chunk_id=142)
13:16:53 [INFO]   Đã gửi chunk 84/100 (chunk_id=143)
13:16:54 [INFO]   Đã gửi chunk 85/100 (chunk_id=144)
13:16:54 [INFO]   Đã gửi chunk 86/100 (chunk_id=145)
13:16:54 [INFO]   Đã gửi chunk 87/100 (chunk_id=146)
13:16:54 [INFO]   Đã gửi chunk 88/100 (chunk_id=147)
13:16:54 [INFO]   Đã gửi chunk 89/100 (chunk_id=148)
13:16:54 [INFO]   Đã gửi chunk 90/100 (chunk_id=149)
13:16:55 [INFO]   Đã gửi chunk 91/100 (chunk_id=150)
13:16:55 [INFO]   Đã gửi chunk 92/100 (chunk_id=151)
13:16:55 [INFO]   Đã gửi chunk 93/100 (chunk_id=152)
13:16:55 [INFO]   Đã gửi chunk 94/100 (chunk_id=153)
13:16:55 [INFO]   Đã gửi chunk 95/100 (chunk_id=154)
13:16:56 [INFO]   Đã gửi chunk 96/100 (chunk_id=155)
13:16:56 [INFO]   Đã gửi chunk 97/100 (chunk_id=156)
13:16:56 [INFO]   Đã gửi chunk 98/100 (chunk_id=157)
13:16:56 [INFO]   Đã gửi chunk 99/100 (chunk_id=158)
13:16:56 [INFO]   Đã gửi chunk 100/100 (chunk_id=159)
13:16:56 [INFO]   ✓ Gửi xong 100 chunks trong 17.86s
13:16:56 [INFO]   Đợi 30s để HPA và OpenFaaS autoscaler phản ứng...
13:17:27 [INFO]   → Pods=5 | CPU Worker1=6.1% | CPU Worker2=3.5% | Invocations=946.0
13:17:27 [INFO]   Đợi 120s ổn định trước phase tiếp theo...
13:19:27 [INFO] 
──────────────────────────────────────────────────────────────────────
13:19:27 [INFO]   PHASE 4/5: Gửi 150 chunks...
13:19:27 [INFO] ──────────────────────────────────────────────────────────────────────
13:19:27 [INFO]   Đã gửi chunk 1/150 (chunk_id=160)
13:19:27 [INFO]   Đã gửi chunk 2/150 (chunk_id=161)
13:19:27 [INFO]   Đã gửi chunk 3/150 (chunk_id=162)
13:19:27 [INFO]   Đã gửi chunk 4/150 (chunk_id=163)
13:19:27 [INFO]   Đã gửi chunk 5/150 (chunk_id=164)
13:19:27 [INFO]   Đã gửi chunk 6/150 (chunk_id=165)
13:19:28 [INFO]   Đã gửi chunk 7/150 (chunk_id=166)
13:19:28 [INFO]   Đã gửi chunk 8/150 (chunk_id=167)
13:19:28 [INFO]   Đã gửi chunk 9/150 (chunk_id=168)
13:19:28 [INFO]   Đã gửi chunk 10/150 (chunk_id=169)
13:19:28 [INFO]   Đã gửi chunk 11/150 (chunk_id=170)
13:19:28 [INFO]   Đã gửi chunk 12/150 (chunk_id=171)
13:19:29 [INFO]   Đã gửi chunk 13/150 (chunk_id=172)
13:19:29 [INFO]   Đã gửi chunk 14/150 (chunk_id=173)
13:19:29 [INFO]   Đã gửi chunk 15/150 (chunk_id=174)
13:19:29 [INFO]   Đã gửi chunk 16/150 (chunk_id=175)
13:19:30 [INFO]   Đã gửi chunk 17/150 (chunk_id=176)
13:19:30 [INFO]   Đã gửi chunk 18/150 (chunk_id=177)
13:19:30 [INFO]   Đã gửi chunk 19/150 (chunk_id=178)
13:19:30 [INFO]   Đã gửi chunk 20/150 (chunk_id=179)
13:19:30 [INFO]   Đã gửi chunk 21/150 (chunk_id=180)
13:19:30 [INFO]   Đã gửi chunk 22/150 (chunk_id=181)
13:19:31 [INFO]   Đã gửi chunk 23/150 (chunk_id=182)
13:19:31 [INFO]   Đã gửi chunk 24/150 (chunk_id=183)
13:19:31 [INFO]   Đã gửi chunk 25/150 (chunk_id=184)
13:19:31 [INFO]   Đã gửi chunk 26/150 (chunk_id=185)
13:19:31 [INFO]   Đã gửi chunk 27/150 (chunk_id=186)
13:19:31 [INFO]   Đã gửi chunk 28/150 (chunk_id=187)
13:19:32 [INFO]   Đã gửi chunk 29/150 (chunk_id=188)
13:19:32 [INFO]   Đã gửi chunk 30/150 (chunk_id=189)
13:19:32 [INFO]   Đã gửi chunk 31/150 (chunk_id=190)
13:19:32 [INFO]   Đã gửi chunk 32/150 (chunk_id=191)
13:19:32 [INFO]   Đã gửi chunk 33/150 (chunk_id=192)
13:19:33 [INFO]   Đã gửi chunk 34/150 (chunk_id=193)
13:19:33 [INFO]   Đã gửi chunk 35/150 (chunk_id=194)
13:19:33 [INFO]   Đã gửi chunk 36/150 (chunk_id=195)
13:19:33 [INFO]   Đã gửi chunk 37/150 (chunk_id=196)
13:19:33 [INFO]   Đã gửi chunk 38/150 (chunk_id=197)
13:19:34 [INFO]   Đã gửi chunk 39/150 (chunk_id=198)
13:19:34 [INFO]   Đã gửi chunk 40/150 (chunk_id=199)
13:19:34 [INFO]   Đã gửi chunk 41/150 (chunk_id=200)
13:19:34 [INFO]   Đã gửi chunk 42/150 (chunk_id=201)
13:19:34 [INFO]   Đã gửi chunk 43/150 (chunk_id=202)
13:19:34 [INFO]   Đã gửi chunk 44/150 (chunk_id=203)
13:19:34 [INFO]   Đã gửi chunk 45/150 (chunk_id=204)
13:19:35 [INFO]   Đã gửi chunk 46/150 (chunk_id=205)
13:19:35 [INFO]   Đã gửi chunk 47/150 (chunk_id=206)
13:19:35 [INFO]   Đã gửi chunk 48/150 (chunk_id=207)
13:19:35 [INFO]   Đã gửi chunk 49/150 (chunk_id=208)
13:19:35 [INFO]   Đã gửi chunk 50/150 (chunk_id=209)
13:19:35 [INFO]   Đã gửi chunk 51/150 (chunk_id=210)
13:19:35 [INFO]   Đã gửi chunk 52/150 (chunk_id=211)
13:19:36 [INFO]   Đã gửi chunk 53/150 (chunk_id=212)
13:19:36 [INFO]   Đã gửi chunk 54/150 (chunk_id=213)
13:19:36 [INFO]   Đã gửi chunk 55/150 (chunk_id=214)
13:19:36 [INFO]   Đã gửi chunk 56/150 (chunk_id=215)
13:19:36 [INFO]   Đã gửi chunk 57/150 (chunk_id=216)
13:19:36 [INFO]   Đã gửi chunk 58/150 (chunk_id=217)
13:19:37 [INFO]   Đã gửi chunk 59/150 (chunk_id=218)
13:19:37 [INFO]   Đã gửi chunk 60/150 (chunk_id=219)
13:19:37 [INFO]   Đã gửi chunk 61/150 (chunk_id=220)
13:19:37 [INFO]   Đã gửi chunk 62/150 (chunk_id=221)
13:19:38 [INFO]   Đã gửi chunk 63/150 (chunk_id=222)
13:19:38 [INFO]   Đã gửi chunk 64/150 (chunk_id=223)
13:19:38 [INFO]   Đã gửi chunk 65/150 (chunk_id=224)
13:19:38 [INFO]   Đã gửi chunk 66/150 (chunk_id=225)
13:19:38 [INFO]   Đã gửi chunk 67/150 (chunk_id=226)
13:19:38 [INFO]   Đã gửi chunk 68/150 (chunk_id=227)
13:19:38 [INFO]   Đã gửi chunk 69/150 (chunk_id=228)
13:19:39 [INFO]   Đã gửi chunk 70/150 (chunk_id=229)
13:19:39 [INFO]   Đã gửi chunk 71/150 (chunk_id=230)
13:19:39 [INFO]   Đã gửi chunk 72/150 (chunk_id=231)
13:19:39 [INFO]   Đã gửi chunk 73/150 (chunk_id=232)
13:19:39 [INFO]   Đã gửi chunk 74/150 (chunk_id=233)
13:19:39 [INFO]   Đã gửi chunk 75/150 (chunk_id=234)
13:19:40 [INFO]   Đã gửi chunk 76/150 (chunk_id=235)
13:19:40 [INFO]   Đã gửi chunk 77/150 (chunk_id=236)
13:19:40 [INFO]   Đã gửi chunk 78/150 (chunk_id=237)
13:19:40 [INFO]   Đã gửi chunk 79/150 (chunk_id=238)
13:19:40 [INFO]   Đã gửi chunk 80/150 (chunk_id=239)
13:19:41 [INFO]   Đã gửi chunk 81/150 (chunk_id=240)
13:19:41 [INFO]   Đã gửi chunk 82/150 (chunk_id=241)
13:19:41 [INFO]   Đã gửi chunk 83/150 (chunk_id=242)
13:19:41 [INFO]   Đã gửi chunk 84/150 (chunk_id=243)
13:19:41 [INFO]   Đã gửi chunk 85/150 (chunk_id=244)
13:19:42 [INFO]   Đã gửi chunk 86/150 (chunk_id=245)
13:19:42 [INFO]   Đã gửi chunk 87/150 (chunk_id=246)
13:19:42 [INFO]   Đã gửi chunk 88/150 (chunk_id=247)
13:19:42 [INFO]   Đã gửi chunk 89/150 (chunk_id=248)
13:19:42 [INFO]   Đã gửi chunk 90/150 (chunk_id=249)
13:19:42 [INFO]   Đã gửi chunk 91/150 (chunk_id=250)
13:19:42 [INFO]   Đã gửi chunk 92/150 (chunk_id=251)
13:19:43 [INFO]   Đã gửi chunk 93/150 (chunk_id=252)
13:19:43 [INFO]   Đã gửi chunk 94/150 (chunk_id=253)
13:19:43 [INFO]   Đã gửi chunk 95/150 (chunk_id=254)
13:19:43 [INFO]   Đã gửi chunk 96/150 (chunk_id=255)
13:19:43 [INFO]   Đã gửi chunk 97/150 (chunk_id=256)
13:19:43 [INFO]   Đã gửi chunk 98/150 (chunk_id=257)
13:19:44 [INFO]   Đã gửi chunk 99/150 (chunk_id=258)
13:19:44 [INFO]   Đã gửi chunk 100/150 (chunk_id=259)
13:19:44 [INFO]   Đã gửi chunk 101/150 (chunk_id=260)
13:19:44 [INFO]   Đã gửi chunk 102/150 (chunk_id=261)
13:19:44 [INFO]   Đã gửi chunk 103/150 (chunk_id=262)
13:19:44 [INFO]   Đã gửi chunk 104/150 (chunk_id=263)
13:19:45 [INFO]   Đã gửi chunk 105/150 (chunk_id=264)
13:19:45 [INFO]   Đã gửi chunk 106/150 (chunk_id=265)
13:19:45 [INFO]   Đã gửi chunk 107/150 (chunk_id=266)
13:19:45 [INFO]   Đã gửi chunk 108/150 (chunk_id=267)
13:19:45 [INFO]   Đã gửi chunk 109/150 (chunk_id=268)
13:19:46 [INFO]   Đã gửi chunk 110/150 (chunk_id=269)
13:19:46 [INFO]   Đã gửi chunk 111/150 (chunk_id=270)
13:19:46 [INFO]   Đã gửi chunk 112/150 (chunk_id=271)
13:19:46 [INFO]   Đã gửi chunk 113/150 (chunk_id=272)
13:19:46 [INFO]   Đã gửi chunk 114/150 (chunk_id=273)
13:19:47 [INFO]   Đã gửi chunk 115/150 (chunk_id=274)
13:19:47 [INFO]   Đã gửi chunk 116/150 (chunk_id=275)
13:19:47 [INFO]   Đã gửi chunk 117/150 (chunk_id=276)
13:19:47 [INFO]   Đã gửi chunk 118/150 (chunk_id=277)
13:19:47 [INFO]   Đã gửi chunk 119/150 (chunk_id=278)
13:19:48 [INFO]   Đã gửi chunk 120/150 (chunk_id=279)
13:19:48 [INFO]   Đã gửi chunk 121/150 (chunk_id=280)
13:19:48 [INFO]   Đã gửi chunk 122/150 (chunk_id=281)
13:19:48 [INFO]   Đã gửi chunk 123/150 (chunk_id=282)
13:19:49 [INFO]   Đã gửi chunk 124/150 (chunk_id=283)
13:19:49 [INFO]   Đã gửi chunk 125/150 (chunk_id=284)
13:19:49 [INFO]   Đã gửi chunk 126/150 (chunk_id=285)
13:19:49 [INFO]   Đã gửi chunk 127/150 (chunk_id=286)
13:19:49 [INFO]   Đã gửi chunk 128/150 (chunk_id=287)
13:19:49 [INFO]   Đã gửi chunk 129/150 (chunk_id=288)
13:19:49 [INFO]   Đã gửi chunk 130/150 (chunk_id=289)
13:19:50 [INFO]   Đã gửi chunk 131/150 (chunk_id=290)
13:19:50 [INFO]   Đã gửi chunk 132/150 (chunk_id=291)
13:19:50 [INFO]   Đã gửi chunk 133/150 (chunk_id=292)
13:19:50 [INFO]   Đã gửi chunk 134/150 (chunk_id=293)
13:19:50 [INFO]   Đã gửi chunk 135/150 (chunk_id=294)
13:19:50 [INFO]   Đã gửi chunk 136/150 (chunk_id=295)
13:19:50 [INFO]   Đã gửi chunk 137/150 (chunk_id=296)
13:19:50 [INFO]   Đã gửi chunk 138/150 (chunk_id=297)
13:19:51 [INFO]   Đã gửi chunk 139/150 (chunk_id=298)
13:19:51 [INFO]   Đã gửi chunk 140/150 (chunk_id=299)
13:19:51 [INFO]   Đã gửi chunk 141/150 (chunk_id=300)
13:19:51 [INFO]   Đã gửi chunk 142/150 (chunk_id=301)
13:19:51 [INFO]   Đã gửi chunk 143/150 (chunk_id=302)
13:19:51 [INFO]   Đã gửi chunk 144/150 (chunk_id=303)
13:19:51 [INFO]   Đã gửi chunk 145/150 (chunk_id=304)
13:19:52 [INFO]   Đã gửi chunk 146/150 (chunk_id=305)
13:19:52 [INFO]   Đã gửi chunk 147/150 (chunk_id=306)
13:19:52 [INFO]   Đã gửi chunk 148/150 (chunk_id=307)
13:19:52 [INFO]   Đã gửi chunk 149/150 (chunk_id=308)
13:19:52 [INFO]   Đã gửi chunk 150/150 (chunk_id=309)
13:19:52 [INFO]   ✓ Gửi xong 150 chunks trong 25.62s
13:19:52 [INFO]   Đợi 30s để HPA và OpenFaaS autoscaler phản ứng...
13:20:23 [INFO]   → Pods=5 | CPU Worker1=5.9% | CPU Worker2=3.6% | Invocations=971.0
13:20:23 [INFO]   Đợi 120s ổn định trước phase tiếp theo...
13:22:23 [INFO] 
──────────────────────────────────────────────────────────────────────
13:22:23 [INFO]   PHASE 5/5: Gửi 200 chunks...
13:22:23 [INFO] ──────────────────────────────────────────────────────────────────────
13:22:23 [INFO]   Đã gửi chunk 1/200 (chunk_id=310)
13:22:23 [INFO]   Đã gửi chunk 2/200 (chunk_id=311)
13:22:23 [INFO]   Đã gửi chunk 3/200 (chunk_id=312)
13:22:24 [INFO]   Đã gửi chunk 4/200 (chunk_id=313)
13:22:24 [INFO]   Đã gửi chunk 5/200 (chunk_id=314)
13:22:24 [INFO]   Đã gửi chunk 6/200 (chunk_id=315)
13:22:24 [INFO]   Đã gửi chunk 7/200 (chunk_id=316)
13:22:24 [INFO]   Đã gửi chunk 8/200 (chunk_id=317)
13:22:24 [INFO]   Đã gửi chunk 9/200 (chunk_id=318)
13:22:24 [INFO]   Đã gửi chunk 10/200 (chunk_id=319)
13:22:25 [INFO]   Đã gửi chunk 11/200 (chunk_id=320)
13:22:25 [INFO]   Đã gửi chunk 12/200 (chunk_id=321)
13:22:25 [INFO]   Đã gửi chunk 13/200 (chunk_id=322)
13:22:25 [INFO]   Đã gửi chunk 14/200 (chunk_id=323)
13:22:25 [INFO]   Đã gửi chunk 15/200 (chunk_id=324)
13:22:25 [INFO]   Đã gửi chunk 16/200 (chunk_id=325)
13:22:26 [INFO]   Đã gửi chunk 17/200 (chunk_id=326)
13:22:26 [INFO]   Đã gửi chunk 18/200 (chunk_id=327)
13:22:26 [INFO]   Đã gửi chunk 19/200 (chunk_id=328)
13:22:26 [INFO]   Đã gửi chunk 20/200 (chunk_id=329)
13:22:26 [INFO]   Đã gửi chunk 21/200 (chunk_id=330)
13:22:27 [INFO]   Đã gửi chunk 22/200 (chunk_id=331)
13:22:27 [INFO]   Đã gửi chunk 23/200 (chunk_id=332)
13:22:27 [INFO]   Đã gửi chunk 24/200 (chunk_id=333)
13:22:27 [INFO]   Đã gửi chunk 25/200 (chunk_id=334)
13:22:27 [INFO]   Đã gửi chunk 26/200 (chunk_id=335)
13:22:28 [INFO]   Đã gửi chunk 27/200 (chunk_id=336)
13:22:28 [INFO]   Đã gửi chunk 28/200 (chunk_id=337)
13:22:28 [INFO]   Đã gửi chunk 29/200 (chunk_id=338)
13:22:28 [INFO]   Đã gửi chunk 30/200 (chunk_id=339)
13:22:28 [INFO]   Đã gửi chunk 31/200 (chunk_id=340)
13:22:28 [INFO]   Đã gửi chunk 32/200 (chunk_id=341)
13:22:29 [INFO]   Đã gửi chunk 33/200 (chunk_id=342)
13:22:29 [INFO]   Đã gửi chunk 34/200 (chunk_id=343)
13:22:29 [INFO]   Đã gửi chunk 35/200 (chunk_id=344)
13:22:29 [INFO]   Đã gửi chunk 36/200 (chunk_id=345)
13:22:30 [INFO]   Đã gửi chunk 37/200 (chunk_id=346)
13:22:30 [INFO]   Đã gửi chunk 38/200 (chunk_id=347)
13:22:30 [INFO]   Đã gửi chunk 39/200 (chunk_id=348)
13:22:31 [INFO]   Đã gửi chunk 40/200 (chunk_id=349)
13:22:31 [INFO]   Đã gửi chunk 41/200 (chunk_id=350)
13:22:31 [INFO]   Đã gửi chunk 42/200 (chunk_id=351)
13:22:31 [INFO]   Đã gửi chunk 43/200 (chunk_id=352)
13:22:32 [INFO]   Đã gửi chunk 44/200 (chunk_id=353)
13:22:32 [INFO]   Đã gửi chunk 45/200 (chunk_id=354)
13:22:32 [INFO]   Đã gửi chunk 46/200 (chunk_id=355)
13:22:33 [INFO]   Đã gửi chunk 47/200 (chunk_id=356)
13:22:33 [INFO]   Đã gửi chunk 48/200 (chunk_id=357)
13:22:33 [INFO]   Đã gửi chunk 49/200 (chunk_id=358)
13:22:33 [INFO]   Đã gửi chunk 50/200 (chunk_id=359)
13:22:33 [INFO]   Đã gửi chunk 51/200 (chunk_id=360)
13:22:33 [INFO]   Đã gửi chunk 52/200 (chunk_id=361)
13:22:34 [INFO]   Đã gửi chunk 53/200 (chunk_id=362)
13:22:34 [INFO]   Đã gửi chunk 54/200 (chunk_id=363)
13:22:35 [INFO]   Đã gửi chunk 55/200 (chunk_id=364)
13:22:35 [INFO]   Đã gửi chunk 56/200 (chunk_id=365)
13:22:35 [INFO]   Đã gửi chunk 57/200 (chunk_id=366)
13:22:36 [INFO]   Đã gửi chunk 58/200 (chunk_id=367)
13:22:36 [INFO]   Đã gửi chunk 59/200 (chunk_id=368)
13:22:36 [INFO]   Đã gửi chunk 60/200 (chunk_id=369)
13:22:36 [INFO]   Đã gửi chunk 61/200 (chunk_id=370)
13:22:37 [INFO]   Đã gửi chunk 62/200 (chunk_id=371)
13:22:37 [INFO]   Đã gửi chunk 63/200 (chunk_id=372)
13:22:38 [INFO]   Đã gửi chunk 64/200 (chunk_id=373)
13:22:40 [INFO]   Đã gửi chunk 65/200 (chunk_id=374)
13:22:40 [INFO]   Đã gửi chunk 66/200 (chunk_id=375)
13:22:41 [INFO]   Đã gửi chunk 67/200 (chunk_id=376)
13:22:41 [INFO]   Đã gửi chunk 68/200 (chunk_id=377)
13:22:42 [INFO]   Đã gửi chunk 69/200 (chunk_id=378)
13:22:44 [INFO]   Đã gửi chunk 70/200 (chunk_id=379)
13:22:44 [INFO]   Đã gửi chunk 71/200 (chunk_id=380)
13:22:44 [INFO]   Đã gửi chunk 72/200 (chunk_id=381)
13:22:45 [INFO]   Đã gửi chunk 73/200 (chunk_id=382)
13:22:46 [INFO]   Đã gửi chunk 74/200 (chunk_id=383)
13:22:47 [INFO]   Đã gửi chunk 75/200 (chunk_id=384)
13:22:47 [INFO]   Đã gửi chunk 76/200 (chunk_id=385)
13:22:48 [INFO]   Đã gửi chunk 77/200 (chunk_id=386)
13:22:49 [INFO]   Đã gửi chunk 78/200 (chunk_id=387)
13:22:50 [INFO]   Đã gửi chunk 79/200 (chunk_id=388)
13:22:50 [INFO]   Đã gửi chunk 80/200 (chunk_id=389)
13:22:51 [INFO]   Đã gửi chunk 81/200 (chunk_id=390)
13:22:51 [INFO]   Đã gửi chunk 82/200 (chunk_id=391)
13:22:52 [INFO]   Đã gửi chunk 83/200 (chunk_id=392)
13:22:52 [INFO]   Đã gửi chunk 84/200 (chunk_id=393)
13:22:53 [INFO]   Đã gửi chunk 85/200 (chunk_id=394)
13:22:53 [INFO]   Đã gửi chunk 86/200 (chunk_id=395)
13:22:53 [INFO]   Đã gửi chunk 87/200 (chunk_id=396)
13:22:54 [INFO]   Đã gửi chunk 88/200 (chunk_id=397)
13:22:54 [INFO]   Đã gửi chunk 89/200 (chunk_id=398)
13:22:54 [INFO]   Đã gửi chunk 90/200 (chunk_id=399)
13:22:54 [INFO]   Đã gửi chunk 91/200 (chunk_id=400)
13:22:55 [INFO]   Đã gửi chunk 92/200 (chunk_id=401)
13:22:55 [INFO]   Đã gửi chunk 93/200 (chunk_id=402)
13:22:55 [INFO]   Đã gửi chunk 94/200 (chunk_id=403)
13:22:55 [INFO]   Đã gửi chunk 95/200 (chunk_id=404)
13:22:56 [INFO]   Đã gửi chunk 96/200 (chunk_id=405)
13:22:56 [INFO]   Đã gửi chunk 97/200 (chunk_id=406)
13:22:56 [INFO]   Đã gửi chunk 98/200 (chunk_id=407)
13:22:56 [INFO]   Đã gửi chunk 99/200 (chunk_id=408)
13:22:57 [INFO]   Đã gửi chunk 100/200 (chunk_id=409)
13:22:58 [INFO]   Đã gửi chunk 101/200 (chunk_id=410)
13:22:58 [INFO]   Đã gửi chunk 102/200 (chunk_id=411)
13:22:58 [INFO]   Đã gửi chunk 103/200 (chunk_id=412)
13:22:59 [INFO]   Đã gửi chunk 104/200 (chunk_id=413)
13:22:59 [INFO]   Đã gửi chunk 105/200 (chunk_id=414)
13:22:59 [INFO]   Đã gửi chunk 106/200 (chunk_id=415)
13:22:59 [INFO]   Đã gửi chunk 107/200 (chunk_id=416)
13:23:00 [INFO]   Đã gửi chunk 108/200 (chunk_id=417)
13:23:00 [INFO]   Đã gửi chunk 109/200 (chunk_id=418)
13:23:00 [INFO]   Đã gửi chunk 110/200 (chunk_id=419)
13:23:01 [INFO]   Đã gửi chunk 111/200 (chunk_id=420)
13:23:01 [INFO]   Đã gửi chunk 112/200 (chunk_id=421)
13:23:01 [INFO]   Đã gửi chunk 113/200 (chunk_id=422)
13:23:02 [INFO]   Đã gửi chunk 114/200 (chunk_id=423)
13:23:02 [INFO]   Đã gửi chunk 115/200 (chunk_id=424)
13:23:02 [INFO]   Đã gửi chunk 116/200 (chunk_id=425)
13:23:03 [INFO]   Đã gửi chunk 117/200 (chunk_id=426)
13:23:03 [INFO]   Đã gửi chunk 118/200 (chunk_id=427)
13:23:03 [INFO]   Đã gửi chunk 119/200 (chunk_id=428)
13:23:04 [INFO]   Đã gửi chunk 120/200 (chunk_id=429)
13:23:04 [INFO]   Đã gửi chunk 121/200 (chunk_id=430)
13:23:05 [INFO]   Đã gửi chunk 122/200 (chunk_id=431)
13:23:05 [INFO]   Đã gửi chunk 123/200 (chunk_id=432)
13:23:05 [INFO]   Đã gửi chunk 124/200 (chunk_id=433)
13:23:06 [INFO]   Đã gửi chunk 125/200 (chunk_id=434)
13:23:06 [INFO]   Đã gửi chunk 126/200 (chunk_id=435)
13:23:06 [INFO]   Đã gửi chunk 127/200 (chunk_id=436)
13:23:07 [INFO]   Đã gửi chunk 128/200 (chunk_id=437)
13:23:07 [INFO]   Đã gửi chunk 129/200 (chunk_id=438)
13:23:08 [INFO]   Đã gửi chunk 130/200 (chunk_id=439)
13:23:08 [INFO]   Đã gửi chunk 131/200 (chunk_id=440)
13:23:08 [INFO]   Đã gửi chunk 132/200 (chunk_id=441)
13:23:08 [INFO]   Đã gửi chunk 133/200 (chunk_id=442)
13:23:09 [INFO]   Đã gửi chunk 134/200 (chunk_id=443)
13:23:09 [INFO]   Đã gửi chunk 135/200 (chunk_id=444)
13:23:10 [INFO]   Đã gửi chunk 136/200 (chunk_id=445)
13:23:10 [INFO]   Đã gửi chunk 137/200 (chunk_id=446)
13:23:10 [INFO]   Đã gửi chunk 138/200 (chunk_id=447)
13:23:11 [INFO]   Đã gửi chunk 139/200 (chunk_id=448)
13:23:11 [INFO]   Đã gửi chunk 140/200 (chunk_id=449)
13:23:11 [INFO]   Đã gửi chunk 141/200 (chunk_id=450)
13:23:12 [INFO]   Đã gửi chunk 142/200 (chunk_id=451)
13:23:12 [INFO]   Đã gửi chunk 143/200 (chunk_id=452)
13:23:12 [INFO]   Đã gửi chunk 144/200 (chunk_id=453)
13:23:13 [INFO]   Đã gửi chunk 145/200 (chunk_id=454)
13:23:13 [INFO]   Đã gửi chunk 146/200 (chunk_id=455)
13:23:13 [INFO]   Đã gửi chunk 147/200 (chunk_id=456)
13:23:14 [INFO]   Đã gửi chunk 148/200 (chunk_id=457)
13:23:14 [INFO]   Đã gửi chunk 149/200 (chunk_id=458)
13:23:15 [INFO]   Đã gửi chunk 150/200 (chunk_id=459)
13:23:15 [INFO]   Đã gửi chunk 151/200 (chunk_id=460)
13:23:16 [INFO]   Đã gửi chunk 152/200 (chunk_id=461)
13:23:16 [INFO]   Đã gửi chunk 153/200 (chunk_id=462)
13:23:17 [INFO]   Đã gửi chunk 154/200 (chunk_id=463)
13:23:18 [INFO]   Đã gửi chunk 155/200 (chunk_id=464)
13:23:19 [INFO]   Đã gửi chunk 156/200 (chunk_id=465)
13:23:19 [INFO]   Đã gửi chunk 157/200 (chunk_id=466)
13:23:20 [INFO]   Đã gửi chunk 158/200 (chunk_id=467)
13:23:20 [INFO]   Đã gửi chunk 159/200 (chunk_id=468)
13:23:21 [INFO]   Đã gửi chunk 160/200 (chunk_id=469)
13:23:21 [INFO]   Đã gửi chunk 161/200 (chunk_id=470)
13:23:21 [INFO]   Đã gửi chunk 162/200 (chunk_id=471)
13:23:22 [INFO]   Đã gửi chunk 163/200 (chunk_id=472)
13:23:22 [INFO]   Đã gửi chunk 164/200 (chunk_id=473)
13:23:22 [INFO]   Đã gửi chunk 165/200 (chunk_id=474)
13:23:22 [INFO]   Đã gửi chunk 166/200 (chunk_id=475)
13:23:23 [INFO]   Đã gửi chunk 167/200 (chunk_id=476)
13:23:23 [INFO]   Đã gửi chunk 168/200 (chunk_id=477)
13:23:23 [INFO]   Đã gửi chunk 169/200 (chunk_id=478)
13:23:24 [INFO]   Đã gửi chunk 170/200 (chunk_id=479)
13:23:24 [INFO]   Đã gửi chunk 171/200 (chunk_id=480)
13:23:24 [INFO]   Đã gửi chunk 172/200 (chunk_id=481)
13:23:24 [INFO]   Đã gửi chunk 173/200 (chunk_id=482)
13:23:25 [INFO]   Đã gửi chunk 174/200 (chunk_id=483)
13:23:25 [INFO]   Đã gửi chunk 175/200 (chunk_id=484)
13:23:25 [INFO]   Đã gửi chunk 176/200 (chunk_id=485)
13:23:26 [INFO]   Đã gửi chunk 177/200 (chunk_id=486)
13:23:26 [INFO]   Đã gửi chunk 178/200 (chunk_id=487)
13:23:26 [INFO]   Đã gửi chunk 179/200 (chunk_id=488)
13:23:27 [INFO]   Đã gửi chunk 180/200 (chunk_id=489)
13:23:27 [INFO]   Đã gửi chunk 181/200 (chunk_id=490)
13:23:27 [INFO]   Đã gửi chunk 182/200 (chunk_id=491)
13:23:28 [INFO]   Đã gửi chunk 183/200 (chunk_id=492)
13:23:28 [INFO]   Đã gửi chunk 184/200 (chunk_id=493)
13:23:28 [INFO]   Đã gửi chunk 185/200 (chunk_id=494)
13:23:28 [INFO]   Đã gửi chunk 186/200 (chunk_id=495)
13:23:29 [INFO]   Đã gửi chunk 187/200 (chunk_id=496)
13:23:29 [INFO]   Đã gửi chunk 188/200 (chunk_id=497)
13:23:30 [INFO]   Đã gửi chunk 189/200 (chunk_id=498)
13:23:30 [INFO]   Đã gửi chunk 190/200 (chunk_id=499)
13:23:30 [INFO]   Đã gửi chunk 191/200 (chunk_id=500)
13:23:30 [INFO]   Đã gửi chunk 192/200 (chunk_id=501)
13:23:31 [INFO]   Đã gửi chunk 193/200 (chunk_id=502)
13:23:31 [INFO]   Đã gửi chunk 194/200 (chunk_id=503)
13:23:32 [INFO]   Đã gửi chunk 195/200 (chunk_id=504)
13:23:32 [INFO]   Đã gửi chunk 196/200 (chunk_id=505)
13:23:33 [INFO]   Đã gửi chunk 197/200 (chunk_id=506)
13:23:33 [INFO]   Đã gửi chunk 198/200 (chunk_id=507)
13:23:33 [INFO]   Đã gửi chunk 199/200 (chunk_id=508)
13:23:33 [INFO]   Đã gửi chunk 200/200 (chunk_id=509)
13:23:33 [INFO]   ✓ Gửi xong 200 chunks trong 70.65s
13:23:33 [INFO]   Đợi 30s để HPA và OpenFaaS autoscaler phản ứng...
13:24:04 [INFO]   → Pods=5 | CPU Worker1=13.9% | CPU Worker2=7.2% | Invocations=990.0
13:24:04 [INFO] 
──────────────────────────────────────────────────────────────────────
13:24:04 [INFO]   PHASE COLLECT/REDUCE — Gộp chunks đã sort thành mảng hoàn chỉnh
13:24:04 [INFO] ──────────────────────────────────────────────────────────────────────
13:24:04 [INFO] 
[COLLECT PHASE] Đợi 510 sorted chunks từ UIT-OUTPUT...
13:24:04 [INFO] <BrokerConnection client_id=kafka-python-2.3.1, node_id=bootstrap-0 host=100.107.243.97:30092 <connecting> [IPv4 ('100.107.243.97', 30092)]>: connecting to 100.107.243.97:30092 [('100.107.243.97', 30092) IPv4]
13:24:04 [INFO] <BrokerConnection client_id=kafka-python-2.3.1, node_id=bootstrap-0 host=100.107.243.97:30092 <checking_api_versions_recv> [IPv4 ('100.107.243.97', 30092)]>: Broker version identified as 2.6
13:24:04 [INFO] <BrokerConnection client_id=kafka-python-2.3.1, node_id=bootstrap-0 host=100.107.243.97:30092 <connected> [IPv4 ('100.107.243.97', 30092)]>: Connection complete.
13:24:04 [INFO] Updating subscribed topics to: ('UIT-OUTPUT',)
13:24:04 [INFO] <BrokerConnection client_id=kafka-python-2.3.1, node_id=0 host=192.168.125.106:30093 <connecting> [IPv4 ('192.168.125.106', 30093)]>: connecting to 192.168.125.106:30093 [('192.168.125.106', 30093) IPv4]
13:24:04 [INFO] <BrokerConnection client_id=kafka-python-2.3.1, node_id=100 host=192.168.125.105:30092 <connecting> [IPv4 ('192.168.125.105', 30092)]>: connecting to 192.168.125.105:30092 [('192.168.125.105', 30092) IPv4]
13:24:04 [INFO] <BrokerConnection client_id=kafka-python-2.3.1, node_id=0 host=192.168.125.106:30093 <connected> [IPv4 ('192.168.125.106', 30093)]>: Connection complete.
13:24:04 [INFO] <BrokerConnection client_id=kafka-python-2.3.1, node_id=bootstrap-0 host=100.107.243.97:30092 <connected> [IPv4 ('100.107.243.97', 30092)]>: Closing connection. 
13:24:04 [INFO] <BrokerConnection client_id=kafka-python-2.3.1, node_id=100 host=192.168.125.105:30092 <connected> [IPv4 ('192.168.125.105', 30092)]>: Connection complete.
13:24:04 [INFO] Coordinator for group/scenario1-collector-1777915444 is BrokerMetadata(nodeId='coordinator-100', host='192.168.125.105', port=30092, rack=None)
13:24:04 [INFO] Discovered coordinator coordinator-100 for group scenario1-collector-1777915444
13:24:04 [INFO] Starting new heartbeat thread
13:24:04 [INFO] Revoking previously assigned partitions set() for group scenario1-collector-1777915444
13:24:04 [INFO] Failed to join group scenario1-collector-1777915444: NodeNotReadyError: coordinator-100
13:24:04 [INFO] <BrokerConnection client_id=kafka-python-2.3.1, node_id=coordinator-100 host=192.168.125.105:30092 <connecting> [IPv4 ('192.168.125.105', 30092)]>: connecting to 192.168.125.105:30092 [('192.168.125.105', 30092) IPv4]
13:24:04 [INFO] Failed to join group scenario1-collector-1777915444: NodeNotReadyError: coordinator-100
13:24:04 [INFO] <BrokerConnection client_id=kafka-python-2.3.1, node_id=coordinator-100 host=192.168.125.105:30092 <connected> [IPv4 ('192.168.125.105', 30092)]>: Connection complete.
13:24:04 [INFO] (Re-)joining group scenario1-collector-1777915444
13:24:05 [INFO] Received member id kafka-python-2.3.1-407be5f1-f247-4b13-8901-2310ebd3447a for group scenario1-collector-1777915444; will retry join-group
13:24:05 [INFO] Failed to join group scenario1-collector-1777915444: [Error 79] MemberIdRequiredError
13:24:05 [INFO] (Re-)joining group scenario1-collector-1777915444
13:24:08 [INFO] Successfully joined group scenario1-collector-1777915444 <Generation 1 (member_id: kafka-python-2.3.1-407be5f1-f247-4b13-8901-2310ebd3447a, protocol: range)>
13:24:08 [INFO] Elected group leader -- performing partition assignments using range
13:24:08 [INFO] Updated partition assignment: [TopicPartition(topic='UIT-OUTPUT', partition=0)]
13:24:08 [INFO] Setting newly assigned partitions {TopicPartition(topic='UIT-OUTPUT', partition=0)} for group scenario1-collector-1777915444
13:24:08 [INFO] Resetting offset for partition TopicPartition(topic='UIT-OUTPUT', partition=0) to offset 0.
13:24:08 [INFO]   [ 1/510] Received chunk_id=22 | size=50000 | sort_ms=12543.13
13:24:08 [INFO]   [ 2/510] Received chunk_id=23 | size=50000 | sort_ms=7215.88
13:24:08 [INFO]   [ 3/510] Received chunk_id=24 | size=50000 | sort_ms=9375.11
13:24:08 [INFO]   [ 4/510] Received chunk_id=25 | size=50000 | sort_ms=10065.18
13:24:08 [INFO]   [ 5/510] Received chunk_id=32 | size=50000 | sort_ms=6980.09
13:24:08 [INFO]   [ 6/510] Received chunk_id=33 | size=50000 | sort_ms=3256.39
13:24:09 [INFO]   [ 7/510] Received chunk_id=34 | size=50000 | sort_ms=5991.87
13:24:09 [INFO]   [ 8/510] Received chunk_id=35 | size=50000 | sort_ms=5434.39
13:24:09 [INFO]   [ 9/510] Received chunk_id=36 | size=50000 | sort_ms=5589.53
13:24:09 [INFO]   [10/510] Received chunk_id=37 | size=50000 | sort_ms=5474.08
13:24:09 [INFO]   [11/510] Received chunk_id=38 | size=50000 | sort_ms=4502.45
13:24:09 [INFO]   [12/510] Received chunk_id=39 | size=50000 | sort_ms=4154.35
13:24:09 [INFO]   [13/510] Received chunk_id=40 | size=50000 | sort_ms=6651.44
13:24:09 [INFO]   [14/510] Received chunk_id=41 | size=50000 | sort_ms=4079.99
13:24:09 [INFO]   [15/510] Received chunk_id=42 | size=50000 | sort_ms=5325.95
13:24:09 [INFO]   [16/510] Received chunk_id=43 | size=50000 | sort_ms=5262.8
13:24:09 [INFO]   [17/510] Received chunk_id=44 | size=50000 | sort_ms=5392.95
13:24:09 [INFO]   [18/510] Received chunk_id=45 | size=50000 | sort_ms=4413.95
13:24:09 [INFO]   [19/510] Received chunk_id=46 | size=50000 | sort_ms=6625.31
13:24:09 [INFO]   [20/510] Received chunk_id=47 | size=50000 | sort_ms=4058.98
13:24:09 [INFO]   [21/510] Received chunk_id=48 | size=50000 | sort_ms=4700.38
13:24:09 [INFO]   [22/510] Received chunk_id=49 | size=50000 | sort_ms=4550.18
13:24:09 [INFO]   [23/510] Received chunk_id=50 | size=50000 | sort_ms=5032.57
13:24:09 [INFO]   [24/510] Received chunk_id=51 | size=50000 | sort_ms=5331.99
13:24:10 [INFO]   [25/510] Received chunk_id=52 | size=50000 | sort_ms=4332.25
13:24:10 [INFO]   [26/510] Received chunk_id=53 | size=50000 | sort_ms=2814.81
13:24:10 [INFO]   [27/510] Received chunk_id=54 | size=50000 | sort_ms=4694.55
13:24:10 [INFO]   [28/510] Received chunk_id=55 | size=50000 | sort_ms=3341.49
13:24:10 [INFO]   [29/510] Received chunk_id=56 | size=50000 | sort_ms=4984.2
13:24:10 [INFO]   [30/510] Received chunk_id=57 | size=50000 | sort_ms=2570.29
13:24:10 [INFO]   [31/510] Received chunk_id=58 | size=50000 | sort_ms=3471.98
13:24:10 [INFO]   [32/510] Received chunk_id=59 | size=50000 | sort_ms=4965.16
13:24:10 [INFO]   [33/510] Received chunk_id=60 | size=50000 | sort_ms=5867.74
13:24:10 [INFO]   [34/510] Received chunk_id=61 | size=50000 | sort_ms=3387.35
13:24:10 [INFO]   [35/510] Received chunk_id=62 | size=50000 | sort_ms=5209.93
13:24:10 [INFO]   [36/510] Received chunk_id=63 | size=50000 | sort_ms=2918.92
13:24:11 [INFO]   [37/510] Received chunk_id=64 | size=50000 | sort_ms=3906.14
13:24:11 [INFO]   [38/510] Received chunk_id=10 | size=50000 | sort_ms=4516.19
13:24:11 [INFO]   [39/510] Received chunk_id=11 | size=50000 | sort_ms=2136.04
13:24:11 [INFO]   [40/510] Received chunk_id=12 | size=50000 | sort_ms=6262.73
13:24:11 [INFO]   [41/510] Received chunk_id=14 | size=50000 | sort_ms=4298.22
13:24:11 [INFO]   [42/510] Received chunk_id=15 | size=50000 | sort_ms=7707.87
13:24:11 [INFO]   [43/510] Received chunk_id=16 | size=50000 | sort_ms=4941.18
13:24:11 [INFO]   [44/510] Received chunk_id=17 | size=50000 | sort_ms=2670.14
13:24:11 [INFO]   [45/510] Received chunk_id=18 | size=50000 | sort_ms=3915.32
13:24:11 [INFO]   [46/510] Received chunk_id=19 | size=50000 | sort_ms=3149.28
13:24:11 [INFO]   [47/510] Received chunk_id=20 | size=50000 | sort_ms=3649.07
13:24:11 [INFO]   [48/510] Received chunk_id=21 | size=50000 | sort_ms=5264.78
13:24:12 [INFO]   [49/510] Received chunk_id=22 | size=50000 | sort_ms=6671.69
13:24:12 [INFO]   [50/510] Received chunk_id=23 | size=50000 | sort_ms=2428.28
13:24:12 [INFO]   [51/510] Received chunk_id=24 | size=50000 | sort_ms=4843.05
13:24:12 [INFO]   [52/510] Received chunk_id=25 | size=50000 | sort_ms=5641.79
13:24:12 [INFO]   [53/510] Received chunk_id=26 | size=50000 | sort_ms=4179.25
13:24:12 [INFO]   [54/510] Received chunk_id=27 | size=50000 | sort_ms=4165.67
13:24:12 [INFO]   [55/510] Received chunk_id=28 | size=50000 | sort_ms=2974.34
13:24:12 [INFO]   [56/510] Received chunk_id=29 | size=50000 | sort_ms=3235.08
13:24:12 [INFO]   [57/510] Received chunk_id=30 | size=50000 | sort_ms=3716.0
13:24:12 [INFO]   [58/510] Received chunk_id=31 | size=50000 | sort_ms=3810.0
13:24:12 [INFO]   [59/510] Received chunk_id=32 | size=50000 | sort_ms=9829.3
13:24:12 [INFO]   [60/510] Received chunk_id=33 | size=50000 | sort_ms=3214.56
13:24:13 [INFO]   [61/510] Received chunk_id=34 | size=50000 | sort_ms=6443.28
13:24:13 [INFO]   [62/510] Received chunk_id=35 | size=50000 | sort_ms=5622.26
13:24:13 [INFO]   [63/510] Received chunk_id=36 | size=50000 | sort_ms=7890.31
13:24:13 [INFO]   [64/510] Received chunk_id=37 | size=50000 | sort_ms=8020.77
13:24:13 [INFO]   [65/510] Received chunk_id=38 | size=50000 | sort_ms=6324.53
13:24:13 [INFO]   [66/510] Received chunk_id=39 | size=50000 | sort_ms=6541.11
13:24:13 [INFO]   [67/510] Received chunk_id=40 | size=50000 | sort_ms=6057.01
13:24:13 [INFO]   [68/510] Received chunk_id=41 | size=50000 | sort_ms=5716.28
13:24:13 [INFO]   [69/510] Received chunk_id=42 | size=50000 | sort_ms=4140.72
13:24:13 [INFO]   [70/510] Received chunk_id=43 | size=50000 | sort_ms=7227.16
13:24:13 [INFO]   [71/510] Received chunk_id=44 | size=50000 | sort_ms=15512.75
13:24:13 [INFO]   [72/510] Received chunk_id=45 | size=50000 | sort_ms=4436.95
13:24:14 [INFO]   [73/510] Received chunk_id=46 | size=50000 | sort_ms=13734.02
13:24:14 [INFO]   [74/510] Received chunk_id=47 | size=50000 | sort_ms=5972.66
13:24:14 [INFO]   [75/510] Received chunk_id=48 | size=50000 | sort_ms=7078.68
13:24:14 [INFO]   [76/510] Received chunk_id=49 | size=50000 | sort_ms=11720.48
13:24:14 [INFO]   [77/510] Received chunk_id=50 | size=50000 | sort_ms=11333.79
13:24:14 [INFO]   [78/510] Received chunk_id=51 | size=50000 | sort_ms=11092.36
13:24:14 [INFO]   [79/510] Received chunk_id=52 | size=50000 | sort_ms=8346.41
13:24:14 [INFO]   [80/510] Received chunk_id=53 | size=50000 | sort_ms=3995.55
13:24:14 [INFO]   [81/510] Received chunk_id=54 | size=50000 | sort_ms=7100.9
13:24:14 [INFO]   [82/510] Received chunk_id=55 | size=50000 | sort_ms=8000.22
13:24:14 [INFO]   [83/510] Received chunk_id=56 | size=50000 | sort_ms=10288.36
13:24:14 [INFO]   [84/510] Received chunk_id=57 | size=50000 | sort_ms=3960.38
13:24:15 [INFO]   [85/510] Received chunk_id=58 | size=50000 | sort_ms=5448.8
13:24:15 [INFO]   [86/510] Received chunk_id=59 | size=50000 | sort_ms=6603.68
13:24:15 [INFO]   [87/510] Received chunk_id=60 | size=50000 | sort_ms=7001.29
13:24:15 [INFO]   [88/510] Received chunk_id=61 | size=50000 | sort_ms=3606.92
13:24:15 [INFO]   [89/510] Received chunk_id=62 | size=50000 | sort_ms=8595.07
13:24:15 [INFO]   [90/510] Received chunk_id=63 | size=50000 | sort_ms=2495.34
13:24:15 [INFO]   [91/510] Received chunk_id=64 | size=50000 | sort_ms=2361.29
13:24:15 [INFO]   [92/510] Received chunk_id=10 | size=50000 | sort_ms=3941.41
13:24:15 [INFO]   [93/510] Received chunk_id=11 | size=50000 | sort_ms=2300.47
13:24:15 [INFO]   [94/510] Received chunk_id=12 | size=50000 | sort_ms=5793.93
13:24:15 [INFO]   [95/510] Received chunk_id=13 | size=50000 | sort_ms=6097.39
13:24:15 [INFO]   [96/510] Received chunk_id=14 | size=50000 | sort_ms=4608.2
13:24:15 [INFO]   [97/510] Received chunk_id=15 | size=50000 | sort_ms=6134.86
13:24:15 [INFO]   [98/510] Received chunk_id=16 | size=50000 | sort_ms=4616.51
13:24:15 [INFO]   [99/510] Received chunk_id=17 | size=50000 | sort_ms=2747.06
13:24:15 [INFO]   [100/510] Received chunk_id=18 | size=50000 | sort_ms=3887.75
13:24:15 [INFO]   [101/510] Received chunk_id=19 | size=50000 | sort_ms=3040.71
13:24:15 [INFO]   [102/510] Received chunk_id=20 | size=50000 | sort_ms=3768.52
13:24:16 [INFO]   [103/510] Received chunk_id=21 | size=50000 | sort_ms=4999.69
13:24:16 [INFO]   [104/510] Received chunk_id=22 | size=50000 | sort_ms=6206.56
13:24:16 [INFO]   [105/510] Received chunk_id=23 | size=50000 | sort_ms=3427.11
13:24:16 [INFO]   [106/510] Received chunk_id=24 | size=50000 | sort_ms=4887.65
13:24:16 [INFO]   [107/510] Received chunk_id=25 | size=50000 | sort_ms=5023.16
13:24:16 [INFO]   [108/510] Received chunk_id=26 | size=50000 | sort_ms=4759.37
13:24:16 [INFO]   [109/510] Received chunk_id=27 | size=50000 | sort_ms=7327.04
13:24:16 [INFO]   [110/510] Received chunk_id=28 | size=50000 | sort_ms=4034.07
13:24:16 [INFO]   [111/510] Received chunk_id=29 | size=50000 | sort_ms=3144.35
13:24:16 [INFO]   [112/510] Received chunk_id=30 | size=50000 | sort_ms=3798.55
13:24:16 [INFO]   [113/510] Received chunk_id=31 | size=50000 | sort_ms=4001.4
13:24:16 [INFO]   [114/510] Received chunk_id=32 | size=50000 | sort_ms=7684.42
13:24:17 [INFO]   [115/510] Received chunk_id=33 | size=50000 | sort_ms=2801.47
13:24:17 [INFO]   [116/510] Received chunk_id=34 | size=50000 | sort_ms=4491.39
13:24:17 [INFO]   [117/510] Received chunk_id=35 | size=50000 | sort_ms=4222.59
13:24:17 [INFO]   [118/510] Received chunk_id=36 | size=50000 | sort_ms=7671.57
13:24:17 [INFO]   [119/510] Received chunk_id=37 | size=50000 | sort_ms=6631.04
13:24:17 [INFO]   [120/510] Received chunk_id=38 | size=50000 | sort_ms=5210.75
13:24:17 [INFO]   [121/510] Received chunk_id=39 | size=50000 | sort_ms=4319.96
13:24:17 [INFO]   [122/510] Received chunk_id=40 | size=50000 | sort_ms=4904.42
13:24:17 [INFO]   [123/510] Received chunk_id=41 | size=50000 | sort_ms=3617.1
13:24:17 [INFO]   [124/510] Received chunk_id=42 | size=50000 | sort_ms=3920.21
13:24:17 [INFO]   [125/510] Received chunk_id=43 | size=50000 | sort_ms=5638.8
13:24:17 [INFO]   [126/510] Received chunk_id=44 | size=50000 | sort_ms=6466.9
13:24:18 [INFO]   [127/510] Received chunk_id=45 | size=50000 | sort_ms=3890.14
13:24:18 [INFO]   [128/510] Received chunk_id=46 | size=50000 | sort_ms=5735.02
13:24:18 [INFO]   [129/510] Received chunk_id=47 | size=50000 | sort_ms=5469.31
13:24:18 [INFO]   [130/510] Received chunk_id=48 | size=50000 | sort_ms=6280.66
13:24:18 [INFO]   [131/510] Received chunk_id=49 | size=50000 | sort_ms=4756.42
13:24:18 [INFO]   [132/510] Received chunk_id=50 | size=50000 | sort_ms=5424.49
13:24:18 [INFO]   [133/510] Received chunk_id=51 | size=50000 | sort_ms=6704.84
13:24:18 [INFO]   [134/510] Received chunk_id=52 | size=50000 | sort_ms=6924.42
13:24:18 [INFO]   [135/510] Received chunk_id=53 | size=50000 | sort_ms=3739.79
13:24:18 [INFO]   [136/510] Received chunk_id=54 | size=50000 | sort_ms=5840.45
13:24:18 [INFO]   [137/510] Received chunk_id=55 | size=50000 | sort_ms=3695.75
13:24:18 [INFO]   [138/510] Received chunk_id=56 | size=50000 | sort_ms=6378.64
13:24:19 [INFO]   [139/510] Received chunk_id=57 | size=50000 | sort_ms=2637.45
13:24:19 [INFO]   [140/510] Received chunk_id=58 | size=50000 | sort_ms=4314.67
13:24:19 [INFO]   [141/510] Received chunk_id=59 | size=50000 | sort_ms=6159.4
13:24:19 [INFO]   [142/510] Received chunk_id=60 | size=50000 | sort_ms=5349.62
13:24:19 [INFO]   [143/510] Received chunk_id=61 | size=50000 | sort_ms=3726.6
13:24:19 [INFO]   [144/510] Received chunk_id=62 | size=50000 | sort_ms=5784.55
13:24:19 [INFO]   [145/510] Received chunk_id=63 | size=50000 | sort_ms=2850.11
13:24:19 [INFO]   [146/510] Received chunk_id=64 | size=50000 | sort_ms=2420.91
13:24:19 [INFO]   [147/510] Received chunk_id=10 | size=50000 | sort_ms=3850.33
13:24:19 [INFO]   [148/510] Received chunk_id=11 | size=50000 | sort_ms=2684.4
13:24:19 [INFO]   [149/510] Received chunk_id=12 | size=50000 | sort_ms=5961.49
13:24:19 [INFO]   [150/510] Received chunk_id=13 | size=50000 | sort_ms=5105.03
13:24:20 [INFO]   [151/510] Received chunk_id=14 | size=50000 | sort_ms=5501.77
13:24:20 [INFO]   [152/510] Received chunk_id=15 | size=50000 | sort_ms=5875.56
13:24:20 [INFO]   [153/510] Received chunk_id=16 | size=50000 | sort_ms=3735.52
13:24:20 [INFO]   [154/510] Received chunk_id=17 | size=50000 | sort_ms=2423.97
13:24:20 [INFO]   [155/510] Received chunk_id=18 | size=50000 | sort_ms=3751.63
13:24:20 [INFO]   [156/510] Received chunk_id=19 | size=50000 | sort_ms=2309.03
13:24:20 [INFO]   [157/510] Received chunk_id=20 | size=50000 | sort_ms=3655.61
13:24:20 [INFO]   [158/510] Received chunk_id=21 | size=50000 | sort_ms=5706.09
13:24:20 [INFO]   [159/510] Received chunk_id=22 | size=50000 | sort_ms=5930.89
13:24:20 [INFO]   [160/510] Received chunk_id=23 | size=50000 | sort_ms=2723.64
13:24:20 [INFO]   [161/510] Received chunk_id=24 | size=50000 | sort_ms=4851.14
13:24:20 [INFO]   [162/510] Received chunk_id=25 | size=50000 | sort_ms=4416.43
13:24:21 [INFO]   [163/510] Received chunk_id=26 | size=50000 | sort_ms=4698.5
13:24:21 [INFO]   [164/510] Received chunk_id=27 | size=50000 | sort_ms=4545.6
13:24:21 [INFO]   [165/510] Received chunk_id=28 | size=50000 | sort_ms=3534.31
13:24:21 [INFO]   [166/510] Received chunk_id=29 | size=50000 | sort_ms=3537.64
13:24:21 [INFO]   [167/510] Received chunk_id=30 | size=50000 | sort_ms=3426.03
13:24:21 [INFO]   [168/510] Received chunk_id=31 | size=50000 | sort_ms=3851.24
13:24:21 [INFO]   [169/510] Received chunk_id=32 | size=50000 | sort_ms=5538.66
13:24:21 [INFO]   [170/510] Received chunk_id=33 | size=50000 | sort_ms=2409.62
13:24:21 [INFO]   [171/510] Received chunk_id=34 | size=50000 | sort_ms=4962.0
13:24:21 [INFO]   [172/510] Received chunk_id=35 | size=50000 | sort_ms=5373.89
13:24:21 [INFO]   [173/510] Received chunk_id=36 | size=50000 | sort_ms=8574.35
13:24:21 [INFO]   [174/510] Received chunk_id=37 | size=50000 | sort_ms=6483.48
13:24:21 [INFO]   [175/510] Received chunk_id=38 | size=50000 | sort_ms=5090.48
13:24:21 [INFO]   [176/510] Received chunk_id=39 | size=50000 | sort_ms=5153.27
13:24:21 [INFO]   [177/510] Received chunk_id=40 | size=50000 | sort_ms=5024.04
13:24:21 [INFO]   [178/510] Received chunk_id=41 | size=50000 | sort_ms=3613.48
13:24:21 [INFO]   [179/510] Received chunk_id=42 | size=50000 | sort_ms=3458.06
13:24:21 [INFO]   [180/510] Received chunk_id=43 | size=50000 | sort_ms=4809.35
13:24:22 [INFO]   [181/510] Received chunk_id=44 | size=50000 | sort_ms=5662.74
13:24:22 [INFO]   [182/510] Received chunk_id=45 | size=50000 | sort_ms=3617.9
13:24:22 [INFO]   [183/510] Received chunk_id=46 | size=50000 | sort_ms=5388.21
13:24:22 [INFO]   [184/510] Received chunk_id=47 | size=50000 | sort_ms=4664.43
13:24:22 [INFO]   [185/510] Received chunk_id=48 | size=50000 | sort_ms=5341.35
13:24:22 [INFO]   [186/510] Received chunk_id=49 | size=50000 | sort_ms=4993.9
13:24:22 [INFO]   [187/510] Received chunk_id=50 | size=50000 | sort_ms=4648.44
13:24:22 [INFO]   [188/510] Received chunk_id=51 | size=50000 | sort_ms=5554.35
13:24:22 [INFO]   [189/510] Received chunk_id=52 | size=50000 | sort_ms=4761.54
13:24:22 [INFO]   [190/510] Received chunk_id=53 | size=50000 | sort_ms=2654.54
13:24:22 [INFO]   [191/510] Received chunk_id=54 | size=50000 | sort_ms=4767.61
13:24:22 [INFO]   [192/510] Received chunk_id=55 | size=50000 | sort_ms=3036.28
13:24:23 [INFO]   [193/510] Received chunk_id=56 | size=50000 | sort_ms=5480.0
13:24:23 [INFO]   [194/510] Received chunk_id=57 | size=50000 | sort_ms=2315.32
13:24:23 [INFO]   [195/510] Received chunk_id=58 | size=50000 | sort_ms=6431.63
13:24:23 [INFO]   [196/510] Received chunk_id=59 | size=50000 | sort_ms=4913.67
13:24:23 [INFO]   [197/510] Received chunk_id=60 | size=50000 | sort_ms=5619.76
13:24:23 [INFO]   [198/510] Received chunk_id=61 | size=50000 | sort_ms=4442.49
13:24:23 [INFO]   [199/510] Received chunk_id=62 | size=50000 | sort_ms=6514.75
13:24:23 [INFO]   [200/510] Received chunk_id=63 | size=50000 | sort_ms=2773.49
13:24:23 [INFO]   [201/510] Received chunk_id=64 | size=50000 | sort_ms=2520.6
13:24:23 [INFO]   [202/510] Received chunk_id=10 | size=50000 | sort_ms=3495.28
13:24:23 [INFO]   [203/510] Received chunk_id=11 | size=50000 | sort_ms=2811.17
13:24:23 [INFO]   [204/510] Received chunk_id=12 | size=50000 | sort_ms=5751.21
13:24:24 [INFO]   [205/510] Received chunk_id=13 | size=50000 | sort_ms=5119.59
13:24:24 [INFO]   [206/510] Received chunk_id=14 | size=50000 | sort_ms=4862.97
13:24:24 [INFO]   [207/510] Received chunk_id=15 | size=50000 | sort_ms=5186.48
13:24:24 [INFO]   [208/510] Received chunk_id=16 | size=50000 | sort_ms=3723.91
13:24:24 [INFO]   [209/510] Received chunk_id=17 | size=50000 | sort_ms=2796.95
13:24:24 [INFO]   [210/510] Received chunk_id=18 | size=50000 | sort_ms=3703.94
13:24:24 [INFO]   [211/510] Received chunk_id=19 | size=50000 | sort_ms=2840.81
13:24:24 [INFO]   [212/510] Received chunk_id=20 | size=50000 | sort_ms=5616.85
13:24:24 [INFO]   [213/510] Received chunk_id=21 | size=50000 | sort_ms=9649.65
13:24:24 [INFO]   [214/510] Received chunk_id=22 | size=50000 | sort_ms=7895.83
13:24:24 [INFO]   [215/510] Received chunk_id=23 | size=50000 | sort_ms=3416.1
13:24:24 [INFO]   [216/510] Received chunk_id=24 | size=50000 | sort_ms=5669.94
13:24:25 [INFO]   [217/510] Received chunk_id=25 | size=50000 | sort_ms=5796.41
13:24:25 [INFO]   [218/510] Received chunk_id=26 | size=50000 | sort_ms=5481.02
13:24:25 [INFO]   [219/510] Received chunk_id=27 | size=50000 | sort_ms=6318.69
13:24:25 [INFO]   [220/510] Received chunk_id=28 | size=50000 | sort_ms=4015.08
13:24:25 [INFO]   [221/510] Received chunk_id=29 | size=50000 | sort_ms=4290.4
13:24:25 [INFO]   [222/510] Received chunk_id=30 | size=50000 | sort_ms=4242.01
13:24:26 [INFO]   [223/510] Received chunk_id=31 | size=50000 | sort_ms=5396.94
13:24:26 [INFO]   [224/510] Received chunk_id=32 | size=50000 | sort_ms=6562.54
13:24:26 [INFO]   [225/510] Received chunk_id=33 | size=50000 | sort_ms=2764.17
13:24:26 [INFO]   [226/510] Received chunk_id=34 | size=50000 | sort_ms=5342.21
13:24:26 [INFO]   [227/510] Received chunk_id=35 | size=50000 | sort_ms=5929.25
13:24:26 [INFO]   [228/510] Received chunk_id=36 | size=50000 | sort_ms=6955.16
13:24:26 [INFO]   [229/510] Received chunk_id=37 | size=50000 | sort_ms=6581.11
13:24:26 [INFO]   [230/510] Received chunk_id=38 | size=50000 | sort_ms=5580.41
13:24:26 [INFO]   [231/510] Received chunk_id=39 | size=50000 | sort_ms=5786.27
13:24:26 [INFO]   [232/510] Received chunk_id=40 | size=50000 | sort_ms=4634.33
13:24:26 [INFO]   [233/510] Received chunk_id=41 | size=50000 | sort_ms=4595.09
13:24:26 [INFO]   [234/510] Received chunk_id=42 | size=50000 | sort_ms=4230.18
13:24:27 [INFO]   [235/510] Received chunk_id=43 | size=50000 | sort_ms=5182.08
13:24:27 [INFO]   [236/510] Received chunk_id=44 | size=50000 | sort_ms=6227.89
13:24:27 [INFO]   [237/510] Received chunk_id=45 | size=50000 | sort_ms=5687.44
13:24:27 [INFO]   [238/510] Received chunk_id=46 | size=50000 | sort_ms=7656.14
13:24:27 [INFO]   [239/510] Received chunk_id=47 | size=50000 | sort_ms=8522.26
13:24:27 [INFO]   [240/510] Received chunk_id=48 | size=50000 | sort_ms=5490.19
13:24:27 [INFO]   [241/510] Received chunk_id=49 | size=50000 | sort_ms=7023.96
13:24:27 [INFO]   [242/510] Received chunk_id=50 | size=50000 | sort_ms=9358.69
13:24:27 [INFO]   [243/510] Received chunk_id=51 | size=50000 | sort_ms=7958.75
13:24:27 [INFO]   [244/510] Received chunk_id=52 | size=50000 | sort_ms=5693.11
13:24:27 [INFO]   [245/510] Received chunk_id=53 | size=50000 | sort_ms=3042.87
13:24:27 [INFO]   [246/510] Received chunk_id=54 | size=50000 | sort_ms=5197.85
13:24:28 [INFO]   [247/510] Received chunk_id=55 | size=50000 | sort_ms=9601.7
13:24:28 [INFO]   [248/510] Received chunk_id=56 | size=50000 | sort_ms=7563.8
13:24:28 [INFO]   [249/510] Received chunk_id=57 | size=50000 | sort_ms=3232.21
13:24:28 [INFO]   [250/510] Received chunk_id=58 | size=50000 | sort_ms=4727.96
13:24:28 [INFO]   [251/510] Received chunk_id=59 | size=50000 | sort_ms=7242.53
13:24:28 [INFO]   [252/510] Received chunk_id=60 | size=50000 | sort_ms=7056.87
13:24:28 [INFO]   [253/510] Received chunk_id=61 | size=50000 | sort_ms=4326.38
13:24:28 [INFO]   [254/510] Received chunk_id=62 | size=50000 | sort_ms=6947.19
13:24:28 [INFO]   [255/510] Received chunk_id=63 | size=50000 | sort_ms=3222.14
13:24:28 [INFO]   [256/510] Received chunk_id=64 | size=50000 | sort_ms=2604.34
13:24:28 [INFO]   [257/510] Received chunk_id=10 | size=50000 | sort_ms=3705.76
13:24:28 [INFO]   [258/510] Received chunk_id=11 | size=50000 | sort_ms=2689.91
13:24:29 [INFO]   [259/510] Received chunk_id=12 | size=50000 | sort_ms=6767.0
13:24:29 [INFO]   [260/510] Received chunk_id=13 | size=50000 | sort_ms=5263.69
13:24:29 [INFO]   [261/510] Received chunk_id=14 | size=50000 | sort_ms=5600.54
13:24:29 [INFO]   [262/510] Received chunk_id=15 | size=50000 | sort_ms=5401.87
13:24:29 [INFO]   [263/510] Received chunk_id=16 | size=50000 | sort_ms=5286.86
13:24:29 [INFO]   [264/510] Received chunk_id=17 | size=50000 | sort_ms=2824.92
13:24:29 [INFO]   [265/510] Received chunk_id=18 | size=50000 | sort_ms=4290.03
13:24:29 [INFO]   [266/510] Received chunk_id=19 | size=50000 | sort_ms=3713.35
13:24:29 [INFO]   [267/510] Received chunk_id=20 | size=50000 | sort_ms=4809.99
13:24:29 [INFO]   [268/510] Received chunk_id=21 | size=50000 | sort_ms=5777.31
13:24:29 [INFO]   [269/510] Received chunk_id=22 | size=50000 | sort_ms=8617.35
13:24:29 [INFO]   [270/510] Received chunk_id=23 | size=50000 | sort_ms=3572.73
13:24:29 [INFO]   [271/510] Received chunk_id=25 | size=50000 | sort_ms=7909.34
13:24:29 [INFO]   [272/510] Received chunk_id=26 | size=50000 | sort_ms=6039.22
13:24:29 [INFO]   [273/510] Received chunk_id=27 | size=50000 | sort_ms=5906.32
13:24:29 [INFO]   [274/510] Received chunk_id=28 | size=50000 | sort_ms=4577.14
13:24:29 [INFO]   [275/510] Received chunk_id=29 | size=50000 | sort_ms=4258.98
13:24:29 [INFO]   [276/510] Received chunk_id=30 | size=50000 | sort_ms=5334.96
13:24:30 [INFO]   [277/510] Received chunk_id=31 | size=50000 | sort_ms=9083.76
13:24:30 [INFO]   [278/510] Received chunk_id=32 | size=50000 | sort_ms=13822.91
13:24:30 [INFO]   [279/510] Received chunk_id=33 | size=50000 | sort_ms=3432.31
13:24:30 [INFO]   [280/510] Received chunk_id=34 | size=50000 | sort_ms=7047.37
13:24:30 [INFO]   [281/510] Received chunk_id=35 | size=50000 | sort_ms=6034.33
13:24:30 [INFO]   [282/510] Received chunk_id=36 | size=50000 | sort_ms=8108.57
13:24:30 [INFO]   [283/510] Received chunk_id=37 | size=50000 | sort_ms=9497.61
13:24:30 [INFO]   [284/510] Received chunk_id=38 | size=50000 | sort_ms=6830.62
13:24:30 [INFO]   [285/510] Received chunk_id=39 | size=50000 | sort_ms=7770.64
13:24:30 [INFO]   [286/510] Received chunk_id=40 | size=50000 | sort_ms=8284.67
13:24:30 [INFO]   [287/510] Received chunk_id=41 | size=50000 | sort_ms=5701.92
13:24:30 [INFO]   [288/510] Received chunk_id=42 | size=50000 | sort_ms=6400.42
13:24:31 [INFO]   [289/510] Received chunk_id=43 | size=50000 | sort_ms=7668.18
13:24:31 [INFO]   [290/510] Received chunk_id=44 | size=50000 | sort_ms=9667.71
13:24:31 [INFO]   [291/510] Received chunk_id=45 | size=50000 | sort_ms=6018.34
13:24:31 [INFO]   [292/510] Received chunk_id=46 | size=50000 | sort_ms=10915.96
13:24:31 [INFO]   [293/510] Received chunk_id=47 | size=50000 | sort_ms=7523.95
13:24:31 [INFO]   [294/510] Received chunk_id=48 | size=50000 | sort_ms=9445.26
13:24:31 [INFO]   [295/510] Received chunk_id=49 | size=50000 | sort_ms=7513.04
13:24:31 [INFO]   [296/510] Received chunk_id=50 | size=50000 | sort_ms=7160.9
13:24:31 [INFO]   [297/510] Received chunk_id=51 | size=50000 | sort_ms=9079.59
13:24:31 [INFO]   [298/510] Received chunk_id=52 | size=50000 | sort_ms=11429.23
13:24:31 [INFO]   [299/510] Received chunk_id=53 | size=50000 | sort_ms=4456.35
13:24:31 [INFO]   [300/510] Received chunk_id=54 | size=50000 | sort_ms=7767.77
13:24:32 [INFO]   [301/510] Received chunk_id=55 | size=50000 | sort_ms=5481.25
13:24:32 [INFO]   [302/510] Received chunk_id=56 | size=50000 | sort_ms=9099.05
13:24:32 [INFO]   [303/510] Received chunk_id=57 | size=50000 | sort_ms=3819.13
13:24:32 [INFO]   [304/510] Received chunk_id=58 | size=50000 | sort_ms=6469.56
13:24:32 [INFO]   [305/510] Received chunk_id=59 | size=50000 | sort_ms=10348.87
13:24:32 [INFO]   [306/510] Received chunk_id=60 | size=50000 | sort_ms=9128.73
13:24:32 [INFO]   [307/510] Received chunk_id=61 | size=50000 | sort_ms=6184.81
13:24:32 [INFO]   [308/510] Received chunk_id=62 | size=50000 | sort_ms=7957.25
13:24:32 [INFO]   [309/510] Received chunk_id=63 | size=50000 | sort_ms=6879.56
13:24:32 [INFO]   [310/510] Received chunk_id=64 | size=50000 | sort_ms=5315.11
13:24:32 [INFO]   [311/510] Received chunk_id=10 | size=50000 | sort_ms=7312.53
13:24:32 [INFO]   [312/510] Received chunk_id=11 | size=50000 | sort_ms=3529.88
13:24:33 [INFO]   [313/510] Received chunk_id=12 | size=50000 | sort_ms=10013.24
13:24:33 [INFO]   [314/510] Received chunk_id=13 | size=50000 | sort_ms=7013.58
13:24:33 [INFO]   [315/510] Received chunk_id=14 | size=50000 | sort_ms=6338.61
13:24:33 [INFO]   [316/510] Received chunk_id=15 | size=50000 | sort_ms=6643.14
13:24:33 [INFO]   [317/510] Received chunk_id=16 | size=50000 | sort_ms=6654.02
13:24:33 [INFO]   [318/510] Received chunk_id=17 | size=50000 | sort_ms=3831.44
13:24:33 [INFO]   [319/510] Received chunk_id=18 | size=50000 | sort_ms=6344.77
13:24:33 [INFO]   [320/510] Received chunk_id=19 | size=50000 | sort_ms=3816.55
13:24:33 [INFO]   [321/510] Received chunk_id=20 | size=50000 | sort_ms=4716.98
13:24:33 [INFO]   [322/510] Received chunk_id=21 | size=50000 | sort_ms=6659.04
13:24:33 [INFO]   [323/510] Received chunk_id=22 | size=50000 | sort_ms=7595.8
13:24:33 [INFO]   [324/510] Received chunk_id=23 | size=50000 | sort_ms=3874.93
13:24:34 [INFO]   [325/510] Received chunk_id=24 | size=50000 | sort_ms=6040.22
13:24:34 [INFO]   [326/510] Received chunk_id=25 | size=50000 | sort_ms=8080.32
13:24:34 [INFO]   [327/510] Received chunk_id=26 | size=50000 | sort_ms=6606.92
13:24:34 [INFO]   [328/510] Received chunk_id=27 | size=50000 | sort_ms=9326.81
13:24:34 [INFO]   [329/510] Received chunk_id=28 | size=50000 | sort_ms=6203.83
13:24:34 [INFO]   [330/510] Received chunk_id=29 | size=50000 | sort_ms=8232.13
13:24:35 [INFO]   [331/510] Received chunk_id=30 | size=50000 | sort_ms=6450.97
13:24:35 [INFO]   [332/510] Received chunk_id=31 | size=50000 | sort_ms=5545.45
13:24:35 [INFO]   [333/510] Received chunk_id=32 | size=50000 | sort_ms=8939.34
13:24:35 [INFO]   [334/510] Received chunk_id=33 | size=50000 | sort_ms=4574.17
13:24:35 [INFO]   [335/510] Received chunk_id=34 | size=50000 | sort_ms=6801.99
13:24:35 [INFO]   [336/510] Received chunk_id=35 | size=50000 | sort_ms=8134.64
13:24:36 [INFO]   [337/510] Received chunk_id=36 | size=50000 | sort_ms=8042.5
13:24:36 [INFO]   [338/510] Received chunk_id=37 | size=50000 | sort_ms=7601.96
13:24:36 [INFO]   [339/510] Received chunk_id=38 | size=50000 | sort_ms=6666.74
13:24:36 [INFO]   [340/510] Received chunk_id=39 | size=50000 | sort_ms=7977.04
13:24:36 [INFO]   [341/510] Received chunk_id=40 | size=50000 | sort_ms=7319.32
13:24:36 [INFO]   [342/510] Received chunk_id=41 | size=50000 | sort_ms=6141.0
13:24:37 [INFO]   [343/510] Received chunk_id=42 | size=50000 | sort_ms=5187.01
13:24:37 [INFO]   [344/510] Received chunk_id=43 | size=50000 | sort_ms=6816.98
13:24:37 [INFO]   [345/510] Received chunk_id=44 | size=50000 | sort_ms=7940.42
13:24:37 [INFO]   [346/510] Received chunk_id=45 | size=50000 | sort_ms=4963.45
13:24:37 [INFO]   [347/510] Received chunk_id=46 | size=50000 | sort_ms=9885.83
13:24:37 [INFO]   [348/510] Received chunk_id=47 | size=50000 | sort_ms=8962.61
13:24:38 [INFO]   [349/510] Received chunk_id=48 | size=50000 | sort_ms=8198.33
13:24:38 [INFO]   [350/510] Received chunk_id=49 | size=50000 | sort_ms=8696.69
13:24:38 [INFO]   [351/510] Received chunk_id=50 | size=50000 | sort_ms=7822.3
13:24:38 [INFO]   [352/510] Received chunk_id=51 | size=50000 | sort_ms=9049.67
13:24:38 [INFO]   [353/510] Received chunk_id=52 | size=50000 | sort_ms=7450.35
13:24:38 [INFO]   [354/510] Received chunk_id=53 | size=50000 | sort_ms=4262.94
13:24:38 [INFO]   [355/510] Received chunk_id=54 | size=50000 | sort_ms=11482.15
13:24:38 [INFO]   [356/510] Received chunk_id=55 | size=50000 | sort_ms=7500.73
13:24:38 [INFO]   [357/510] Received chunk_id=56 | size=50000 | sort_ms=10414.03
13:24:38 [INFO]   [358/510] Received chunk_id=57 | size=50000 | sort_ms=4888.74
13:24:38 [INFO]   [359/510] Received chunk_id=58 | size=50000 | sort_ms=5557.66
13:24:38 [INFO]   [360/510] Received chunk_id=59 | size=50000 | sort_ms=7612.13
13:24:38 [INFO]   [361/510] Received chunk_id=60 | size=50000 | sort_ms=8771.86
13:24:38 [INFO]   [362/510] Received chunk_id=61 | size=50000 | sort_ms=5286.97
13:24:38 [INFO]   [363/510] Received chunk_id=62 | size=50000 | sort_ms=15726.34
13:24:38 [INFO]   [364/510] Received chunk_id=63 | size=50000 | sort_ms=3944.81
13:24:38 [INFO]   [365/510] Received chunk_id=64 | size=50000 | sort_ms=3427.15
13:24:38 [INFO]   [366/510] Received chunk_id=10 | size=50000 | sort_ms=4606.78
13:24:39 [INFO]   [367/510] Received chunk_id=11 | size=50000 | sort_ms=3478.67
13:24:39 [INFO]   [368/510] Received chunk_id=12 | size=50000 | sort_ms=6301.31
13:24:39 [INFO]   [369/510] Received chunk_id=13 | size=50000 | sort_ms=5444.38
13:24:39 [INFO]   [370/510] Received chunk_id=14 | size=50000 | sort_ms=6171.38
13:24:39 [INFO]   [371/510] Received chunk_id=15 | size=50000 | sort_ms=6895.26
13:24:39 [INFO]   [372/510] Received chunk_id=16 | size=50000 | sort_ms=4516.82
13:24:39 [INFO]   [373/510] Received chunk_id=17 | size=50000 | sort_ms=4838.84
13:24:39 [INFO]   [374/510] Received chunk_id=18 | size=50000 | sort_ms=5959.64
13:24:39 [INFO]   [375/510] Received chunk_id=19 | size=50000 | sort_ms=3785.39
13:24:39 [INFO]   [376/510] Received chunk_id=20 | size=50000 | sort_ms=5897.76
13:24:39 [INFO]   [377/510] Received chunk_id=21 | size=50000 | sort_ms=6608.25
13:24:39 [INFO]   [378/510] Received chunk_id=22 | size=50000 | sort_ms=6727.61
13:24:40 [INFO]   [379/510] Received chunk_id=23 | size=50000 | sort_ms=5083.18
13:24:40 [INFO]   [380/510] Received chunk_id=24 | size=50000 | sort_ms=5939.54
13:24:40 [INFO]   [381/510] Received chunk_id=25 | size=50000 | sort_ms=5319.01
13:24:40 [INFO]   [382/510] Received chunk_id=26 | size=50000 | sort_ms=5560.54
13:24:40 [INFO]   [383/510] Received chunk_id=27 | size=50000 | sort_ms=5884.86
13:24:40 [INFO]   [384/510] Received chunk_id=28 | size=50000 | sort_ms=5344.59
13:24:40 [INFO]   [385/510] Received chunk_id=29 | size=50000 | sort_ms=4952.71
13:24:40 [INFO]   [386/510] Received chunk_id=30 | size=50000 | sort_ms=4539.38
13:24:40 [INFO]   [387/510] Received chunk_id=31 | size=50000 | sort_ms=4732.13
13:24:40 [INFO]   [388/510] Received chunk_id=32 | size=50000 | sort_ms=6901.28
13:24:40 [INFO]   [389/510] Received chunk_id=33 | size=50000 | sort_ms=3033.79
13:24:40 [INFO]   [390/510] Received chunk_id=34 | size=50000 | sort_ms=5368.16
13:24:41 [INFO]   [391/510] Received chunk_id=35 | size=50000 | sort_ms=6290.59
13:24:41 [INFO]   [392/510] Received chunk_id=36 | size=50000 | sort_ms=6430.26
13:24:41 [INFO]   [393/510] Received chunk_id=37 | size=50000 | sort_ms=6371.37
13:24:41 [INFO]   [394/510] Received chunk_id=38 | size=50000 | sort_ms=5434.25
13:24:41 [INFO]   [395/510] Received chunk_id=39 | size=50000 | sort_ms=5383.01
13:24:41 [INFO]   [396/510] Received chunk_id=40 | size=50000 | sort_ms=6859.3
13:24:41 [INFO]   [397/510] Received chunk_id=41 | size=50000 | sort_ms=5339.95
13:24:41 [INFO]   [398/510] Received chunk_id=42 | size=50000 | sort_ms=4407.74
13:24:41 [INFO]   [399/510] Received chunk_id=43 | size=50000 | sort_ms=5654.9
13:24:41 [INFO]   [400/510] Received chunk_id=44 | size=50000 | sort_ms=6056.75
13:24:41 [INFO]   [401/510] Received chunk_id=45 | size=50000 | sort_ms=4133.94
13:24:41 [INFO]   [402/510] Received chunk_id=46 | size=50000 | sort_ms=6536.27
13:24:41 [INFO]   [403/510] Received chunk_id=47 | size=50000 | sort_ms=5527.25
13:24:41 [INFO]   [404/510] Received chunk_id=48 | size=50000 | sort_ms=5557.06
13:24:41 [INFO]   [405/510] Received chunk_id=49 | size=50000 | sort_ms=6626.43
13:24:41 [INFO]   [406/510] Received chunk_id=51 | size=50000 | sort_ms=12519.42
13:24:41 [INFO]   [407/510] Received chunk_id=52 | size=50000 | sort_ms=7321.25
13:24:41 [INFO]   [408/510] Received chunk_id=53 | size=50000 | sort_ms=3844.08
13:24:42 [INFO]   [409/510] Received chunk_id=54 | size=50000 | sort_ms=9474.88
13:24:42 [INFO]   [410/510] Received chunk_id=55 | size=50000 | sort_ms=7314.28
13:24:42 [INFO]   [411/510] Received chunk_id=56 | size=50000 | sort_ms=10346.05
13:24:42 [INFO]   [412/510] Received chunk_id=58 | size=50000 | sort_ms=5971.86
13:24:42 [INFO]   [413/510] Received chunk_id=59 | size=50000 | sort_ms=8811.53
13:24:42 [INFO]   [414/510] Received chunk_id=60 | size=50000 | sort_ms=10365.58
13:24:42 [INFO]   [415/510] Received chunk_id=61 | size=50000 | sort_ms=9781.89
13:24:42 [INFO]   [416/510] Received chunk_id=62 | size=50000 | sort_ms=9700.53
13:24:42 [INFO]   [417/510] Received chunk_id=63 | size=50000 | sort_ms=5275.98
13:24:42 [INFO]   [418/510] Received chunk_id=64 | size=50000 | sort_ms=5710.39
13:24:42 [INFO]   [419/510] Received chunk_id=10 | size=50000 | sort_ms=6855.12
13:24:42 [INFO]   [420/510] Received chunk_id=11 | size=50000 | sort_ms=3364.98
13:24:43 [INFO]   [421/510] Received chunk_id=12 | size=50000 | sort_ms=7215.93
13:24:43 [INFO]   [422/510] Received chunk_id=13 | size=50000 | sort_ms=5697.76
13:24:43 [INFO]   [423/510] Received chunk_id=14 | size=50000 | sort_ms=5721.95
13:24:43 [INFO]   [424/510] Received chunk_id=15 | size=50000 | sort_ms=5349.6
13:24:43 [INFO]   [425/510] Received chunk_id=16 | size=50000 | sort_ms=5305.68
13:24:43 [INFO]   [426/510] Received chunk_id=17 | size=50000 | sort_ms=3045.91
13:24:43 [INFO]   [427/510] Received chunk_id=18 | size=50000 | sort_ms=4828.46
13:24:43 [INFO]   [428/510] Received chunk_id=19 | size=50000 | sort_ms=3740.0
13:24:43 [INFO]   [429/510] Received chunk_id=20 | size=50000 | sort_ms=5196.74
13:24:43 [INFO]   [430/510] Received chunk_id=21 | size=50000 | sort_ms=5823.46
13:24:43 [INFO]   [431/510] Received chunk_id=22 | size=50000 | sort_ms=8267.7
13:24:43 [INFO]   [432/510] Received chunk_id=23 | size=50000 | sort_ms=4245.11
13:24:44 [INFO]   [433/510] Received chunk_id=24 | size=50000 | sort_ms=5770.47
13:24:44 [INFO]   [434/510] Received chunk_id=25 | size=50000 | sort_ms=5437.91
13:24:44 [INFO]   [435/510] Received chunk_id=26 | size=50000 | sort_ms=5575.4
13:24:44 [INFO]   [436/510] Received chunk_id=27 | size=50000 | sort_ms=6117.99
13:24:44 [INFO]   [437/510] Received chunk_id=28 | size=50000 | sort_ms=5395.32
13:24:44 [INFO]   [438/510] Received chunk_id=29 | size=50000 | sort_ms=4538.29
13:24:44 [INFO]   [439/510] Received chunk_id=30 | size=50000 | sort_ms=4011.41
13:24:44 [INFO]   [440/510] Received chunk_id=31 | size=50000 | sort_ms=3422.39
13:24:44 [INFO]   [441/510] Received chunk_id=32 | size=50000 | sort_ms=6435.07
13:24:44 [INFO]   [442/510] Received chunk_id=33 | size=50000 | sort_ms=3059.93
13:24:44 [INFO]   [443/510] Received chunk_id=34 | size=50000 | sort_ms=4885.13
13:24:44 [INFO]   [444/510] Received chunk_id=35 | size=50000 | sort_ms=4989.73
13:24:45 [INFO]   [445/510] Received chunk_id=36 | size=50000 | sort_ms=5967.43
13:24:45 [INFO]   [446/510] Received chunk_id=37 | size=50000 | sort_ms=5720.2
13:24:45 [INFO]   [447/510] Received chunk_id=38 | size=50000 | sort_ms=4752.53
13:24:45 [INFO]   [448/510] Received chunk_id=39 | size=50000 | sort_ms=5052.8
13:24:45 [INFO]   [449/510] Received chunk_id=40 | size=50000 | sort_ms=5368.6
13:24:45 [INFO]   [450/510] Received chunk_id=41 | size=50000 | sort_ms=4522.52
13:24:45 [INFO]   [451/510] Received chunk_id=42 | size=50000 | sort_ms=4274.02
13:24:45 [INFO]   [452/510] Received chunk_id=43 | size=50000 | sort_ms=5654.26
13:24:45 [INFO]   [453/510] Received chunk_id=44 | size=50000 | sort_ms=7737.18
13:24:45 [INFO]   [454/510] Received chunk_id=45 | size=50000 | sort_ms=5285.37
13:24:45 [INFO]   [455/510] Received chunk_id=46 | size=50000 | sort_ms=7332.53
13:24:45 [INFO]   [456/510] Received chunk_id=47 | size=50000 | sort_ms=8109.01
13:24:45 [INFO]   [457/510] Received chunk_id=48 | size=50000 | sort_ms=7288.48
13:24:45 [INFO]   [458/510] Received chunk_id=49 | size=50000 | sort_ms=6193.33
13:24:45 [INFO]   [459/510] Received chunk_id=50 | size=50000 | sort_ms=6256.97
13:24:45 [INFO]   [460/510] Received chunk_id=51 | size=50000 | sort_ms=8169.35
13:24:45 [INFO]   [461/510] Received chunk_id=52 | size=50000 | sort_ms=8419.16
13:24:45 [INFO]   [462/510] Received chunk_id=53 | size=50000 | sort_ms=3821.74
13:24:46 [INFO]   [463/510] Received chunk_id=54 | size=50000 | sort_ms=5996.4
13:24:46 [INFO]   [464/510] Received chunk_id=55 | size=50000 | sort_ms=5158.51
13:24:46 [INFO]   [465/510] Received chunk_id=56 | size=50000 | sort_ms=7674.59
13:24:46 [INFO]   [466/510] Received chunk_id=57 | size=50000 | sort_ms=4403.96
13:24:46 [INFO]   [467/510] Received chunk_id=58 | size=50000 | sort_ms=4907.18
13:24:46 [INFO]   [468/510] Received chunk_id=59 | size=50000 | sort_ms=7226.65
13:24:46 [INFO]   [469/510] Received chunk_id=60 | size=50000 | sort_ms=7078.65
13:24:46 [INFO]   [470/510] Received chunk_id=61 | size=50000 | sort_ms=5129.73
13:24:46 [INFO]   [471/510] Received chunk_id=62 | size=50000 | sort_ms=7017.15
13:24:46 [INFO]   [472/510] Received chunk_id=63 | size=50000 | sort_ms=3506.81
13:24:46 [INFO]   [473/510] Received chunk_id=64 | size=50000 | sort_ms=3399.13
13:24:46 [INFO]   [474/510] Received chunk_id=10 | size=50000 | sort_ms=4845.61
13:24:47 [INFO]   [475/510] Received chunk_id=11 | size=50000 | sort_ms=3631.36
13:24:47 [INFO]   [476/510] Received chunk_id=12 | size=50000 | sort_ms=6851.18
13:24:47 [INFO]   [477/510] Received chunk_id=13 | size=50000 | sort_ms=6329.06
13:24:47 [INFO]   [478/510] Received chunk_id=14 | size=50000 | sort_ms=7154.65
13:24:47 [INFO]   [479/510] Received chunk_id=15 | size=50000 | sort_ms=6564.99
13:24:47 [INFO]   [480/510] Received chunk_id=16 | size=50000 | sort_ms=8060.24
13:24:47 [INFO]   [481/510] Received chunk_id=17 | size=50000 | sort_ms=3640.04
13:24:47 [INFO]   [482/510] Received chunk_id=18 | size=50000 | sort_ms=5162.6
13:24:47 [INFO]   [483/510] Received chunk_id=19 | size=50000 | sort_ms=3183.48
13:24:47 [INFO]   [484/510] Received chunk_id=20 | size=50000 | sort_ms=4951.85
13:24:47 [INFO]   [485/510] Received chunk_id=21 | size=50000 | sort_ms=6272.05
13:24:47 [INFO]   [486/510] Received chunk_id=22 | size=50000 | sort_ms=7193.1
13:24:48 [INFO]   [487/510] Received chunk_id=23 | size=50000 | sort_ms=3982.78
13:24:48 [INFO]   [488/510] Received chunk_id=24 | size=50000 | sort_ms=6407.67
13:24:48 [INFO]   [489/510] Received chunk_id=25 | size=50000 | sort_ms=5987.57
13:24:48 [INFO]   [490/510] Received chunk_id=26 | size=50000 | sort_ms=6366.93
13:24:48 [INFO]   [491/510] Received chunk_id=27 | size=50000 | sort_ms=5948.53
13:24:48 [INFO]   [492/510] Received chunk_id=28 | size=50000 | sort_ms=5361.94
13:24:48 [INFO]   [493/510] Received chunk_id=29 | size=50000 | sort_ms=4667.01
13:24:48 [INFO]   [494/510] Received chunk_id=30 | size=50000 | sort_ms=6088.03
13:24:48 [INFO]   [495/510] Received chunk_id=31 | size=50000 | sort_ms=4882.56
13:24:48 [INFO]   [496/510] Received chunk_id=32 | size=50000 | sort_ms=7835.18
13:24:48 [INFO]   [497/510] Received chunk_id=33 | size=50000 | sort_ms=4535.54
13:24:48 [INFO]   [498/510] Received chunk_id=34 | size=50000 | sort_ms=8455.24
13:24:49 [INFO]   [499/510] Received chunk_id=35 | size=50000 | sort_ms=7671.17
13:24:49 [INFO]   [500/510] Received chunk_id=36 | size=50000 | sort_ms=7741.14
13:24:49 [INFO]   [501/510] Received chunk_id=37 | size=50000 | sort_ms=7800.24
13:24:49 [INFO]   [502/510] Received chunk_id=38 | size=50000 | sort_ms=6198.3
13:24:49 [INFO]   [503/510] Received chunk_id=39 | size=50000 | sort_ms=8514.73
13:24:49 [INFO]   [504/510] Received chunk_id=40 | size=50000 | sort_ms=5951.01
13:24:49 [INFO]   [505/510] Received chunk_id=41 | size=50000 | sort_ms=3959.7
13:24:49 [INFO]   [506/510] Received chunk_id=42 | size=50000 | sort_ms=3797.29
13:24:49 [INFO]   [507/510] Received chunk_id=43 | size=50000 | sort_ms=6444.27
13:24:49 [INFO]   [508/510] Received chunk_id=44 | size=50000 | sort_ms=7814.67
13:24:49 [INFO]   [509/510] Received chunk_id=45 | size=50000 | sort_ms=4481.15
13:24:49 [INFO]   [510/510] Received chunk_id=46 | size=50000 | sort_ms=6651.63
13:24:49 [INFO] Stopping heartbeat thread
13:24:49 [INFO] Leaving consumer group scenario1-collector-1777915444 (member kafka-python-2.3.1-407be5f1-f247-4b13-8901-2310ebd3447a).
13:24:49 [INFO] LeaveGroup request for group scenario1-collector-1777915444 returned successfully
13:24:49 [INFO] <BrokerConnection client_id=kafka-python-2.3.1, node_id=0 host=192.168.125.106:30093 <connected> [IPv4 ('192.168.125.106', 30093)]>: Closing connection. 
13:24:49 [INFO] <BrokerConnection client_id=kafka-python-2.3.1, node_id=100 host=192.168.125.105:30092 <connected> [IPv4 ('192.168.125.105', 30092)]>: Closing connection. 
13:24:49 [INFO] <BrokerConnection client_id=kafka-python-2.3.1, node_id=coordinator-100 host=192.168.125.105:30092 <connected> [IPv4 ('192.168.125.105', 30092)]>: Closing connection. 
13:24:49 [INFO]   ✓ Collected 510/510 chunks trong 45.13s
13:24:53 [INFO] 
  [VERIFY] K-way merge result:
13:24:53 [INFO]     Total elements: 2,750,000
13:24:53 [INFO]     Is sorted: ✅ YES
13:24:53 [INFO]     Min value: 8
13:24:53 [INFO]     Max value: 9999995
13:24:53 [INFO]     First 10: [8, 25, 26, 27, 28, 32, 33, 45, 45, 46]
13:24:53 [INFO]     Last 10:  [9999963, 9999978, 9999979, 9999980, 9999984, 9999988, 9999990, 9999994, 9999995, 9999995]
13:24:53 [INFO] 
13:24:53 [INFO]   ══════════════════════════════════════════════════════════════════════
13:24:53 [INFO]   CHUNKS ĐÃ SẮP XẾP — Tổng: 55 chunk(s) thu được
13:24:53 [INFO]   ══════════════════════════════════════════════════════════════════════
13:24:53 [INFO] 
  >>> CHUNK MẪU (ngẫu nhiên) — chunk_id=48
13:24:53 [INFO]       size            : 50,000 phần tử
13:24:53 [INFO]       sort_ms         : 7288.48
13:24:53 [INFO]       total_chunks    : 50
13:24:53 [INFO]       timestamp_ms    : N/A
13:24:53 [INFO]       min / max       : 117 / 9999980
13:24:53 [INFO]       is_sorted       : ✅ YES
13:24:53 [INFO]       first 20 values : [117, 267, 329, 409, 465, 877, 1247, 1354, 1403, 1418, 1641, 1765, 1888, 1911, 2509, 2529, 2756, 2891, 2982, 3103]
13:24:53 [INFO]       last  20 values : [9995737, 9995798, 9995996, 9996266, 9996271, 9996667, 9996680, 9996922, 9998406, 9998446, 9998689, 9998732, 9998863, 9998906, 9999428, 9999529, 9999703, 9999753, 9999940, 9999980]
13:24:53 [INFO] 
  ✓ Đã ghi log chunks → /home/master/demo_logs/scenario1_chunks.log
13:24:53 [INFO] 
  ✅ REDUCE THÀNH CÔNG
13:24:53 [INFO]      Total elements: 2,750,000
13:24:53 [INFO]      Is sorted: ✅ YES
13:24:53 [INFO] 
══════════════════════════════════════════════════════════════════════
13:24:53 [INFO]   KẾT QUẢ TỔNG HỢP — Kịch bản 1: Scalability
13:24:53 [INFO] ══════════════════════════════════════════════════════════════════════
13:24:53 [INFO] 
  PHÂN TÍCH:
13:24:53 [INFO]   ⚠ Scale OUT không quan sát được (pod_counts=[])
13:24:53 [INFO]     Kiểm tra: kubectl describe hpa parallel-sort-hpa -n openfaas-fn
13:24:53 [INFO]   CPU Worker1 peak: 13.9%
13:24:53 [INFO]   CPU Worker2 peak: 7.2%
13:24:53 [INFO]   ✓ Tải phân bổ đều: chênh lệch 6.7% (< 20%)
13:24:53 [INFO] <KafkaProducer client_id=kafka-python-producer-1 transactional_id=None>: Closing the Kafka producer with 9223372036.0 secs timeout.
13:24:53 [INFO] <BrokerConnection client_id=kafka-python-producer-1, node_id=0 host=192.168.125.106:30093 <connected> [IPv4 ('192.168.125.106', 30093)]>: Closing connection. 
13:24:53 [INFO] <BrokerConnection client_id=kafka-python-producer-1, node_id=100 host=192.168.125.105:30092 <connected> [IPv4 ('192.168.125.105', 30092)]>: Closing connection. 
13:24:53 [INFO] 
  Kịch bản 1 hoàn thành.
