# Scenario 3 — Fault tolerance result
# Generated: 2026-05-04T16:00:58.562728
# Producer sent: 20
# Producer errors: 0
# Chunks collected: 20
# Output topic: UIT-OUTPUT
# Target chunk_id (xử lý trên W2 lúc fail): 22

## SUMMARY (one line per chunk)
 chunk_id |    size |   sort_ms |        min |        max | sorted?
--------------------------------------------------------------------------------
       22 |  50,000 |  12543.13 |        125 |    9999556 | YES <-- TARGET
       23 |  50,000 |   7215.88 |         92 |    9999979 | YES
       24 |  50,000 |   9375.11 |        450 |    9999850 | YES
       25 |  50,000 |  10065.18 |         68 |    9999794 | YES
       32 |  50,000 |   6980.09 |        304 |    9999922 | YES
       33 |  50,000 |   3256.39 |        216 |    9999775 | YES
       34 |  50,000 |   5991.87 |        549 |    9999802 | YES
       35 |  50,000 |   5434.39 |        472 |    9999984 | YES
       36 |  50,000 |   5589.53 |         26 |    9999698 | YES
       37 |  50,000 |   5474.08 |        152 |    9999934 | YES
       38 |  50,000 |   4502.45 |        157 |    9999664 | YES
       39 |  50,000 |   4154.35 |         25 |    9999442 | YES
       40 |  50,000 |   6651.44 |         32 |    9999945 | YES
       41 |  50,000 |   4079.99 |        587 |    9999918 | YES
       42 |  50,000 |   5325.95 |         45 |    9999829 | YES
       43 |  50,000 |    5262.8 |        159 |    9999430 | YES
       44 |  50,000 |   5392.95 |        421 |    9999886 | YES
       45 |  50,000 |   4413.95 |         98 |    9999944 | YES
       46 |  50,000 |   6625.31 |         33 |    9999800 | YES
       47 |  50,000 |   4058.98 |        176 |    9998839 | YES

## TARGET CHUNK (xử lý trên Worker2 lúc fail) — chunk_id=22
size=50000
sort_ms=12543.13
min=125 max=9999556
is_sorted=True
first50=[125, 351, 434, 1001, 1163, 1337, 1526, 1669, 1960, 2239, 2888, 3240, 3270, 3274, 3379, 3388, 3466, 3853, 3897, 4068, 4185, 4348, 4365, 4370, 5029, 5088, 5096, 5364, 5404, 5440, 5515, 5622, 5808, 5852, 6005, 6037, 6339, 6551, 6596, 6743, 6827, 7392, 7762, 7982, 8005, 8115, 8224, 8566, 8634, 9212]
last50=[9989194, 9989418, 9989511, 9989576, 9989628, 9989709, 9990289, 9990529, 9990997, 9991155, 9991753, 9991772, 9991916, 9992053, 9992222, 9992340, 9992507, 9992648, 9992985, 9993043, 9993432, 9993689, 9993719, 9993840, 9994738, 9994998, 9995171, 9995227, 9995231, 9995267, 9995647, 9995772, 9995821, 9995834, 9995938, 9996007, 9996369, 9996793, 9997206, 9997735, 9997916, 9998072, 9998240, 9998254, 9998501, 9998568, 9998603, 9998891, 9999232, 9999556]
middle50_at_idx_25000=[4986197, 4986213, 4986228, 4986517, 4986617, 4987229, 4987330, 4987616, 4987708, 4987789, 4988510, 4988793, 4989016, 4989193, 4989264, 4989588, 4989742, 4990044, 4990393, 4990416, 4990514, 4990601, 4990699, 4990854, 4991074, 4991170, 4991469, 4991488, 4991655, 4992075, 4992100, 4992276, 4992369, 4992731, 4992797, 4993095, 4993329, 4993459, 4993529, 4993689, 4994061, 4994114, 4994275, 4994844, 4995086, 4995147, 4995529, 4995693, 4995989, 4996087]

## K-way merge result
total_elements=1000000
is_sorted=True
min=25 max=9999984
first20=[25, 26, 32, 33, 45, 53, 68, 70, 92, 98, 107, 125, 144, 152, 157, 159, 176, 176, 216, 219]
last20=[9999784, 9999793, 9999794, 9999800, 9999802, 9999829, 9999831, 9999850, 9999856, 9999859, 9999886, 9999902, 9999916, 9999918, 9999922, 9999934, 9999944, 9999945, 9999979, 9999984]
