06:09:06 [INFO] ══════════════════════════════════════════════════════════════════════
06:09:06 [INFO]   Kịch bản 1: Scalability Test
06:09:06 [INFO]   Broker     : 100.107.243.97:30092
06:09:06 [INFO]   Prometheus : http://100.107.243.97:30090
06:09:06 [INFO]   Gateway    : http://100.107.243.97:31112
06:09:06 [INFO]   Phases     : [10, 50, 100, 150, 200] chunks/phase
06:09:06 [INFO] ══════════════════════════════════════════════════════════════════════
06:09:06 [INFO] Kết nối Kafka: 100.107.243.97:30092
06:09:06 [INFO] <BrokerConnection client_id=kafka-python-producer-1, node_id=bootstrap-0 host=100.107.243.97:30092 <connecting> [IPv4 ('100.107.243.97', 30092)]>: connecting to 100.107.243.97:30092 [('100.107.243.97', 30092) IPv4]
06:09:06 [INFO] <BrokerConnection client_id=kafka-python-producer-1, node_id=bootstrap-0 host=100.107.243.97:30092 <checking_api_versions_recv> [IPv4 ('100.107.243.97', 30092)]>: Broker version identified as 2.6
06:09:06 [INFO] <BrokerConnection client_id=kafka-python-producer-1, node_id=bootstrap-0 host=100.107.243.97:30092 <connected> [IPv4 ('100.107.243.97', 30092)]>: Connection complete.
06:09:06 [INFO] 
[PRE-TEST RESET] Scale parallel-sort → 1 pod để chứng minh scale-OUT...
06:09:06 [INFO]   ✓ kubectl scale → 1 replica(s) thành công
06:09:06 [INFO]   Đợi pod count về 1 (timeout=120s)...
06:09:07 [INFO]     Hiện tại: 4 pod(s) running...
06:09:12 [INFO]     Hiện tại: 1 pod(s) running...
06:09:12 [INFO]   ✓ Pod count đạt 1
06:09:12 [INFO]   Đợi thêm 30s cho metrics ổn định...
06:09:42 [INFO]   [PRE-TEST RESET HOÀN THÀNH]

06:09:42 [INFO] 
[BASELINE] Thu metrics trước khi gửi tải...
06:09:42 [INFO]   Baseline → pod_count=1 | CPU Worker1=7.6% | CPU Worker2=4.0%
06:09:42 [INFO] 
──────────────────────────────────────────────────────────────────────
06:09:42 [INFO]   PHASE 1/5: Gửi 10 chunks...
06:09:42 [INFO] ──────────────────────────────────────────────────────────────────────
06:09:42 [INFO] <BrokerConnection client_id=kafka-python-producer-1, node_id=0 host=192.168.125.106:30093 <connecting> [IPv4 ('192.168.125.106', 30093)]>: connecting to 192.168.125.106:30093 [('192.168.125.106', 30093) IPv4]
06:09:42 [INFO] <BrokerConnection client_id=kafka-python-producer-1, node_id=0 host=192.168.125.106:30093 <connected> [IPv4 ('192.168.125.106', 30093)]>: Connection complete.
06:09:42 [INFO] <BrokerConnection client_id=kafka-python-producer-1, node_id=bootstrap-0 host=100.107.243.97:30092 <connected> [IPv4 ('100.107.243.97', 30092)]>: Closing connection. 
06:09:42 [INFO] <BrokerConnection client_id=kafka-python-producer-1, node_id=100 host=192.168.125.105:30092 <connecting> [IPv4 ('192.168.125.105', 30092)]>: connecting to 192.168.125.105:30092 [('192.168.125.105', 30092) IPv4]
06:09:42 [INFO] <BrokerConnection client_id=kafka-python-producer-1, node_id=100 host=192.168.125.105:30092 <connected> [IPv4 ('192.168.125.105', 30092)]>: Connection complete.
06:09:42 [INFO]   Đã gửi chunk 1/10 (chunk_id=0)
06:09:42 [INFO]   Đã gửi chunk 2/10 (chunk_id=1)
06:09:42 [INFO]   Đã gửi chunk 3/10 (chunk_id=2)
06:09:43 [INFO]   Đã gửi chunk 4/10 (chunk_id=3)
06:09:43 [INFO]   Đã gửi chunk 5/10 (chunk_id=4)
06:09:43 [INFO]   Đã gửi chunk 6/10 (chunk_id=5)
06:09:43 [INFO]   Đã gửi chunk 7/10 (chunk_id=6)
06:09:43 [INFO]   Đã gửi chunk 8/10 (chunk_id=7)
06:09:43 [INFO]   Đã gửi chunk 9/10 (chunk_id=8)
06:09:43 [INFO]   Đã gửi chunk 10/10 (chunk_id=9)
06:09:43 [INFO]   ✓ Gửi xong 10 chunks trong 0.79s
06:09:43 [INFO]   Đợi 5s để HPA và OpenFaaS autoscaler phản ứng...
06:09:48 [INFO]   → Pods=1 | CPU Worker1=2.8% | CPU Worker2=4.0% | Invocations=123.0
06:09:48 [INFO]   Đợi 60s ổn định trước phase tiếp theo...
06:10:48 [INFO] 
──────────────────────────────────────────────────────────────────────
06:10:48 [INFO]   PHASE 2/5: Gửi 50 chunks...
06:10:48 [INFO] ──────────────────────────────────────────────────────────────────────
06:10:48 [INFO]   Đã gửi chunk 1/50 (chunk_id=10)
06:10:48 [INFO]   Đã gửi chunk 2/50 (chunk_id=11)
06:10:48 [INFO]   Đã gửi chunk 3/50 (chunk_id=12)
06:10:49 [INFO]   Đã gửi chunk 4/50 (chunk_id=13)
06:10:49 [INFO]   Đã gửi chunk 5/50 (chunk_id=14)
06:10:49 [INFO]   Đã gửi chunk 6/50 (chunk_id=15)
06:10:49 [INFO]   Đã gửi chunk 7/50 (chunk_id=16)
06:10:49 [INFO]   Đã gửi chunk 8/50 (chunk_id=17)
06:10:49 [INFO]   Đã gửi chunk 9/50 (chunk_id=18)
06:10:49 [INFO]   Đã gửi chunk 10/50 (chunk_id=19)
06:10:49 [INFO]   Đã gửi chunk 11/50 (chunk_id=20)
06:10:49 [INFO]   Đã gửi chunk 12/50 (chunk_id=21)
06:10:49 [INFO]   Đã gửi chunk 13/50 (chunk_id=22)
06:10:49 [INFO]   Đã gửi chunk 14/50 (chunk_id=23)
06:10:50 [INFO]   Đã gửi chunk 15/50 (chunk_id=24)
06:10:50 [INFO]   Đã gửi chunk 16/50 (chunk_id=25)
06:10:50 [INFO]   Đã gửi chunk 17/50 (chunk_id=26)
06:10:50 [INFO]   Đã gửi chunk 18/50 (chunk_id=27)
06:10:50 [INFO]   Đã gửi chunk 19/50 (chunk_id=28)
06:10:50 [INFO]   Đã gửi chunk 20/50 (chunk_id=29)
06:10:50 [INFO]   Đã gửi chunk 21/50 (chunk_id=30)
06:10:50 [INFO]   Đã gửi chunk 22/50 (chunk_id=31)
06:10:50 [INFO]   Đã gửi chunk 23/50 (chunk_id=32)
06:10:50 [INFO]   Đã gửi chunk 24/50 (chunk_id=33)
06:10:50 [INFO]   Đã gửi chunk 25/50 (chunk_id=34)
06:10:50 [INFO]   Đã gửi chunk 26/50 (chunk_id=35)
06:10:50 [INFO]   Đã gửi chunk 27/50 (chunk_id=36)
06:10:51 [INFO]   Đã gửi chunk 28/50 (chunk_id=37)
06:10:51 [INFO]   Đã gửi chunk 29/50 (chunk_id=38)
06:10:51 [INFO]   Đã gửi chunk 30/50 (chunk_id=39)
06:10:51 [INFO]   Đã gửi chunk 31/50 (chunk_id=40)
06:10:51 [INFO]   Đã gửi chunk 32/50 (chunk_id=41)
06:10:51 [INFO]   Đã gửi chunk 33/50 (chunk_id=42)
06:10:51 [INFO]   Đã gửi chunk 34/50 (chunk_id=43)
06:10:51 [INFO]   Đã gửi chunk 35/50 (chunk_id=44)
06:10:51 [INFO]   Đã gửi chunk 36/50 (chunk_id=45)
06:10:51 [INFO]   Đã gửi chunk 37/50 (chunk_id=46)
06:10:51 [INFO]   Đã gửi chunk 38/50 (chunk_id=47)
06:10:52 [INFO]   Đã gửi chunk 39/50 (chunk_id=48)
06:10:52 [INFO]   Đã gửi chunk 40/50 (chunk_id=49)
06:10:52 [INFO]   Đã gửi chunk 41/50 (chunk_id=50)
06:10:52 [INFO]   Đã gửi chunk 42/50 (chunk_id=51)
06:10:52 [INFO]   Đã gửi chunk 43/50 (chunk_id=52)
06:10:52 [INFO]   Đã gửi chunk 44/50 (chunk_id=53)
06:10:52 [INFO]   Đã gửi chunk 45/50 (chunk_id=54)
06:10:52 [INFO]   Đã gửi chunk 46/50 (chunk_id=55)
06:10:52 [INFO]   Đã gửi chunk 47/50 (chunk_id=56)
06:10:52 [INFO]   Đã gửi chunk 48/50 (chunk_id=57)
06:10:52 [INFO]   Đã gửi chunk 49/50 (chunk_id=58)
06:10:52 [INFO]   Đã gửi chunk 50/50 (chunk_id=59)
06:10:52 [INFO]   ✓ Gửi xong 50 chunks trong 4.22s
06:10:52 [INFO]   Đợi 5s để HPA và OpenFaaS autoscaler phản ứng...
06:10:58 [INFO]   → Pods=4 | CPU Worker1=8.3% | CPU Worker2=4.7% | Invocations=135.0
06:10:58 [INFO]   Đợi 60s ổn định trước phase tiếp theo...
06:11:58 [INFO] 
──────────────────────────────────────────────────────────────────────
06:11:58 [INFO]   PHASE 3/5: Gửi 100 chunks...
06:11:58 [INFO] ──────────────────────────────────────────────────────────────────────
06:11:58 [INFO]   Đã gửi chunk 1/100 (chunk_id=60)
06:11:58 [INFO]   Đã gửi chunk 2/100 (chunk_id=61)
06:11:58 [INFO]   Đã gửi chunk 3/100 (chunk_id=62)
06:11:58 [INFO]   Đã gửi chunk 4/100 (chunk_id=63)
06:11:58 [INFO]   Đã gửi chunk 5/100 (chunk_id=64)
06:11:58 [INFO]   Đã gửi chunk 6/100 (chunk_id=65)
06:11:58 [INFO]   Đã gửi chunk 7/100 (chunk_id=66)
06:11:58 [INFO]   Đã gửi chunk 8/100 (chunk_id=67)
06:11:58 [INFO]   Đã gửi chunk 9/100 (chunk_id=68)
06:11:58 [INFO]   Đã gửi chunk 10/100 (chunk_id=69)
06:11:59 [INFO]   Đã gửi chunk 11/100 (chunk_id=70)
06:11:59 [INFO]   Đã gửi chunk 12/100 (chunk_id=71)
06:11:59 [INFO]   Đã gửi chunk 13/100 (chunk_id=72)
06:11:59 [INFO]   Đã gửi chunk 14/100 (chunk_id=73)
06:11:59 [INFO]   Đã gửi chunk 15/100 (chunk_id=74)
06:11:59 [INFO]   Đã gửi chunk 16/100 (chunk_id=75)
06:11:59 [INFO]   Đã gửi chunk 17/100 (chunk_id=76)
06:11:59 [INFO]   Đã gửi chunk 18/100 (chunk_id=77)
06:11:59 [INFO]   Đã gửi chunk 19/100 (chunk_id=78)
06:11:59 [INFO]   Đã gửi chunk 20/100 (chunk_id=79)
06:11:59 [INFO]   Đã gửi chunk 21/100 (chunk_id=80)
06:11:59 [INFO]   Đã gửi chunk 22/100 (chunk_id=81)
06:12:00 [INFO]   Đã gửi chunk 23/100 (chunk_id=82)
06:12:00 [INFO]   Đã gửi chunk 24/100 (chunk_id=83)
06:12:00 [INFO]   Đã gửi chunk 25/100 (chunk_id=84)
06:12:00 [INFO]   Đã gửi chunk 26/100 (chunk_id=85)
06:12:00 [INFO]   Đã gửi chunk 27/100 (chunk_id=86)
06:12:00 [INFO]   Đã gửi chunk 28/100 (chunk_id=87)
06:12:00 [INFO]   Đã gửi chunk 29/100 (chunk_id=88)
06:12:00 [INFO]   Đã gửi chunk 30/100 (chunk_id=89)
06:12:00 [INFO]   Đã gửi chunk 31/100 (chunk_id=90)
06:12:00 [INFO]   Đã gửi chunk 32/100 (chunk_id=91)
06:12:00 [INFO]   Đã gửi chunk 33/100 (chunk_id=92)
06:12:00 [INFO]   Đã gửi chunk 34/100 (chunk_id=93)
06:12:01 [INFO]   Đã gửi chunk 35/100 (chunk_id=94)
06:12:01 [INFO]   Đã gửi chunk 36/100 (chunk_id=95)
06:12:01 [INFO]   Đã gửi chunk 37/100 (chunk_id=96)
06:12:01 [INFO]   Đã gửi chunk 38/100 (chunk_id=97)
06:12:01 [INFO]   Đã gửi chunk 39/100 (chunk_id=98)
06:12:01 [INFO]   Đã gửi chunk 40/100 (chunk_id=99)
06:12:01 [INFO]   Đã gửi chunk 41/100 (chunk_id=100)
06:12:01 [INFO]   Đã gửi chunk 42/100 (chunk_id=101)
06:12:01 [INFO]   Đã gửi chunk 43/100 (chunk_id=102)
06:12:01 [INFO]   Đã gửi chunk 44/100 (chunk_id=103)
06:12:02 [INFO]   Đã gửi chunk 45/100 (chunk_id=104)
06:12:02 [INFO]   Đã gửi chunk 46/100 (chunk_id=105)
06:12:02 [INFO]   Đã gửi chunk 47/100 (chunk_id=106)
06:12:02 [INFO]   Đã gửi chunk 48/100 (chunk_id=107)
06:12:02 [INFO]   Đã gửi chunk 49/100 (chunk_id=108)
06:12:02 [INFO]   Đã gửi chunk 50/100 (chunk_id=109)
06:12:02 [INFO]   Đã gửi chunk 51/100 (chunk_id=110)
06:12:02 [INFO]   Đã gửi chunk 52/100 (chunk_id=111)
06:12:02 [INFO]   Đã gửi chunk 53/100 (chunk_id=112)
06:12:02 [INFO]   Đã gửi chunk 54/100 (chunk_id=113)
06:12:02 [INFO]   Đã gửi chunk 55/100 (chunk_id=114)
06:12:02 [INFO]   Đã gửi chunk 56/100 (chunk_id=115)
06:12:02 [INFO]   Đã gửi chunk 57/100 (chunk_id=116)
06:12:02 [INFO]   Đã gửi chunk 58/100 (chunk_id=117)
06:12:03 [INFO]   Đã gửi chunk 59/100 (chunk_id=118)
06:12:03 [INFO]   Đã gửi chunk 60/100 (chunk_id=119)
06:12:03 [INFO]   Đã gửi chunk 61/100 (chunk_id=120)
06:12:03 [INFO]   Đã gửi chunk 62/100 (chunk_id=121)
06:12:03 [INFO]   Đã gửi chunk 63/100 (chunk_id=122)
06:12:03 [INFO]   Đã gửi chunk 64/100 (chunk_id=123)
06:12:03 [INFO]   Đã gửi chunk 65/100 (chunk_id=124)
06:12:03 [INFO]   Đã gửi chunk 66/100 (chunk_id=125)
06:12:03 [INFO]   Đã gửi chunk 67/100 (chunk_id=126)
06:12:03 [INFO]   Đã gửi chunk 68/100 (chunk_id=127)
06:12:03 [INFO]   Đã gửi chunk 69/100 (chunk_id=128)
06:12:03 [INFO]   Đã gửi chunk 70/100 (chunk_id=129)
06:12:03 [INFO]   Đã gửi chunk 71/100 (chunk_id=130)
06:12:03 [INFO]   Đã gửi chunk 72/100 (chunk_id=131)
06:12:04 [INFO]   Đã gửi chunk 73/100 (chunk_id=132)
06:12:04 [INFO]   Đã gửi chunk 74/100 (chunk_id=133)
06:12:04 [INFO]   Đã gửi chunk 75/100 (chunk_id=134)
06:12:04 [INFO]   Đã gửi chunk 76/100 (chunk_id=135)
06:12:04 [INFO]   Đã gửi chunk 77/100 (chunk_id=136)
06:12:04 [INFO]   Đã gửi chunk 78/100 (chunk_id=137)
06:12:04 [INFO]   Đã gửi chunk 79/100 (chunk_id=138)
06:12:04 [INFO]   Đã gửi chunk 80/100 (chunk_id=139)
06:12:04 [INFO]   Đã gửi chunk 81/100 (chunk_id=140)
06:12:04 [INFO]   Đã gửi chunk 82/100 (chunk_id=141)
06:12:04 [INFO]   Đã gửi chunk 83/100 (chunk_id=142)
06:12:04 [INFO]   Đã gửi chunk 84/100 (chunk_id=143)
06:12:05 [INFO]   Đã gửi chunk 85/100 (chunk_id=144)
06:12:05 [INFO]   Đã gửi chunk 86/100 (chunk_id=145)
06:12:05 [INFO]   Đã gửi chunk 87/100 (chunk_id=146)
06:12:05 [INFO]   Đã gửi chunk 88/100 (chunk_id=147)
06:12:05 [INFO]   Đã gửi chunk 89/100 (chunk_id=148)
06:12:05 [INFO]   Đã gửi chunk 90/100 (chunk_id=149)
06:12:05 [INFO]   Đã gửi chunk 91/100 (chunk_id=150)
06:12:05 [INFO]   Đã gửi chunk 92/100 (chunk_id=151)
06:12:05 [INFO]   Đã gửi chunk 93/100 (chunk_id=152)
06:12:05 [INFO]   Đã gửi chunk 94/100 (chunk_id=153)
06:12:05 [INFO]   Đã gửi chunk 95/100 (chunk_id=154)
06:12:06 [INFO]   Đã gửi chunk 96/100 (chunk_id=155)
06:12:06 [INFO]   Đã gửi chunk 97/100 (chunk_id=156)
06:12:06 [INFO]   Đã gửi chunk 98/100 (chunk_id=157)
06:12:06 [INFO]   Đã gửi chunk 99/100 (chunk_id=158)
06:12:06 [INFO]   Đã gửi chunk 100/100 (chunk_id=159)
06:12:06 [INFO]   ✓ Gửi xong 100 chunks trong 8.28s
06:12:06 [INFO]   Đợi 5s để HPA và OpenFaaS autoscaler phản ứng...
06:12:11 [INFO]   → Pods=5 | CPU Worker1=3.3% | CPU Worker2=3.0% | Invocations=148.0
06:12:11 [INFO]   Đợi 60s ổn định trước phase tiếp theo...
06:13:11 [INFO] 
──────────────────────────────────────────────────────────────────────
06:13:11 [INFO]   PHASE 4/5: Gửi 150 chunks...
06:13:11 [INFO] ──────────────────────────────────────────────────────────────────────
06:13:11 [INFO]   Đã gửi chunk 1/150 (chunk_id=160)
06:13:11 [INFO]   Đã gửi chunk 2/150 (chunk_id=161)
06:13:11 [INFO]   Đã gửi chunk 3/150 (chunk_id=162)
06:13:11 [INFO]   Đã gửi chunk 4/150 (chunk_id=163)
06:13:12 [INFO]   Đã gửi chunk 5/150 (chunk_id=164)
06:13:12 [INFO]   Đã gửi chunk 6/150 (chunk_id=165)
06:13:12 [INFO]   Đã gửi chunk 7/150 (chunk_id=166)
06:13:12 [INFO]   Đã gửi chunk 8/150 (chunk_id=167)
06:13:12 [INFO]   Đã gửi chunk 9/150 (chunk_id=168)
06:13:12 [INFO]   Đã gửi chunk 10/150 (chunk_id=169)
06:13:12 [INFO]   Đã gửi chunk 11/150 (chunk_id=170)
06:13:12 [INFO]   Đã gửi chunk 12/150 (chunk_id=171)
06:13:12 [INFO]   Đã gửi chunk 13/150 (chunk_id=172)
06:13:12 [INFO]   Đã gửi chunk 14/150 (chunk_id=173)
06:13:12 [INFO]   Đã gửi chunk 15/150 (chunk_id=174)
06:13:12 [INFO]   Đã gửi chunk 16/150 (chunk_id=175)
06:13:13 [INFO]   Đã gửi chunk 17/150 (chunk_id=176)
06:13:13 [INFO]   Đã gửi chunk 18/150 (chunk_id=177)
06:13:13 [INFO]   Đã gửi chunk 19/150 (chunk_id=178)
06:13:13 [INFO]   Đã gửi chunk 20/150 (chunk_id=179)
06:13:13 [INFO]   Đã gửi chunk 21/150 (chunk_id=180)
06:13:13 [INFO]   Đã gửi chunk 22/150 (chunk_id=181)
06:13:13 [INFO]   Đã gửi chunk 23/150 (chunk_id=182)
06:13:13 [INFO]   Đã gửi chunk 24/150 (chunk_id=183)
06:13:13 [INFO]   Đã gửi chunk 25/150 (chunk_id=184)
06:13:13 [INFO]   Đã gửi chunk 26/150 (chunk_id=185)
06:13:13 [INFO]   Đã gửi chunk 27/150 (chunk_id=186)
06:13:13 [INFO]   Đã gửi chunk 28/150 (chunk_id=187)
06:13:13 [INFO]   Đã gửi chunk 29/150 (chunk_id=188)
06:13:14 [INFO]   Đã gửi chunk 30/150 (chunk_id=189)
06:13:14 [INFO]   Đã gửi chunk 31/150 (chunk_id=190)
06:13:14 [INFO]   Đã gửi chunk 32/150 (chunk_id=191)
06:13:14 [INFO]   Đã gửi chunk 33/150 (chunk_id=192)
06:13:14 [INFO]   Đã gửi chunk 34/150 (chunk_id=193)
06:13:14 [INFO]   Đã gửi chunk 35/150 (chunk_id=194)
06:13:14 [INFO]   Đã gửi chunk 36/150 (chunk_id=195)
06:13:14 [INFO]   Đã gửi chunk 37/150 (chunk_id=196)
06:13:14 [INFO]   Đã gửi chunk 38/150 (chunk_id=197)
06:13:14 [INFO]   Đã gửi chunk 39/150 (chunk_id=198)
06:13:14 [INFO]   Đã gửi chunk 40/150 (chunk_id=199)
06:13:14 [INFO]   Đã gửi chunk 41/150 (chunk_id=200)
06:13:14 [INFO]   Đã gửi chunk 42/150 (chunk_id=201)
06:13:15 [INFO]   Đã gửi chunk 43/150 (chunk_id=202)
06:13:15 [INFO]   Đã gửi chunk 44/150 (chunk_id=203)
06:13:15 [INFO]   Đã gửi chunk 45/150 (chunk_id=204)
06:13:15 [INFO]   Đã gửi chunk 46/150 (chunk_id=205)
06:13:15 [INFO]   Đã gửi chunk 47/150 (chunk_id=206)
06:13:15 [INFO]   Đã gửi chunk 48/150 (chunk_id=207)
06:13:15 [INFO]   Đã gửi chunk 49/150 (chunk_id=208)
06:13:15 [INFO]   Đã gửi chunk 50/150 (chunk_id=209)
06:13:15 [INFO]   Đã gửi chunk 51/150 (chunk_id=210)
06:13:15 [INFO]   Đã gửi chunk 52/150 (chunk_id=211)
06:13:15 [INFO]   Đã gửi chunk 53/150 (chunk_id=212)
06:13:15 [INFO]   Đã gửi chunk 54/150 (chunk_id=213)
06:13:15 [INFO]   Đã gửi chunk 55/150 (chunk_id=214)
06:13:15 [INFO]   Đã gửi chunk 56/150 (chunk_id=215)
06:13:16 [INFO]   Đã gửi chunk 57/150 (chunk_id=216)
06:13:16 [INFO]   Đã gửi chunk 58/150 (chunk_id=217)
06:13:16 [INFO]   Đã gửi chunk 59/150 (chunk_id=218)
06:13:16 [INFO]   Đã gửi chunk 60/150 (chunk_id=219)
06:13:16 [INFO]   Đã gửi chunk 61/150 (chunk_id=220)
06:13:16 [INFO]   Đã gửi chunk 62/150 (chunk_id=221)
06:13:16 [INFO]   Đã gửi chunk 63/150 (chunk_id=222)
06:13:16 [INFO]   Đã gửi chunk 64/150 (chunk_id=223)
06:13:16 [INFO]   Đã gửi chunk 65/150 (chunk_id=224)
06:13:16 [INFO]   Đã gửi chunk 66/150 (chunk_id=225)
06:13:16 [INFO]   Đã gửi chunk 67/150 (chunk_id=226)
06:13:17 [INFO]   Đã gửi chunk 68/150 (chunk_id=227)
06:13:17 [INFO]   Đã gửi chunk 69/150 (chunk_id=228)
06:13:17 [INFO]   Đã gửi chunk 70/150 (chunk_id=229)
06:13:17 [INFO]   Đã gửi chunk 71/150 (chunk_id=230)
06:13:17 [INFO]   Đã gửi chunk 72/150 (chunk_id=231)
06:13:17 [INFO]   Đã gửi chunk 73/150 (chunk_id=232)
06:13:17 [INFO]   Đã gửi chunk 74/150 (chunk_id=233)
06:13:17 [INFO]   Đã gửi chunk 75/150 (chunk_id=234)
06:13:17 [INFO]   Đã gửi chunk 76/150 (chunk_id=235)
06:13:17 [INFO]   Đã gửi chunk 77/150 (chunk_id=236)
06:13:17 [INFO]   Đã gửi chunk 78/150 (chunk_id=237)
06:13:17 [INFO]   Đã gửi chunk 79/150 (chunk_id=238)
06:13:18 [INFO]   Đã gửi chunk 80/150 (chunk_id=239)
06:13:18 [INFO]   Đã gửi chunk 81/150 (chunk_id=240)
06:13:18 [INFO]   Đã gửi chunk 82/150 (chunk_id=241)
06:13:18 [INFO]   Đã gửi chunk 83/150 (chunk_id=242)
06:13:18 [INFO]   Đã gửi chunk 84/150 (chunk_id=243)
06:13:18 [INFO]   Đã gửi chunk 85/150 (chunk_id=244)
06:13:18 [INFO]   Đã gửi chunk 86/150 (chunk_id=245)
06:13:18 [INFO]   Đã gửi chunk 87/150 (chunk_id=246)
06:13:18 [INFO]   Đã gửi chunk 88/150 (chunk_id=247)
06:13:18 [INFO]   Đã gửi chunk 89/150 (chunk_id=248)
06:13:18 [INFO]   Đã gửi chunk 90/150 (chunk_id=249)
06:13:19 [INFO]   Đã gửi chunk 91/150 (chunk_id=250)
06:13:19 [INFO]   Đã gửi chunk 92/150 (chunk_id=251)
06:13:19 [INFO]   Đã gửi chunk 93/150 (chunk_id=252)
06:13:19 [INFO]   Đã gửi chunk 94/150 (chunk_id=253)
06:13:19 [INFO]   Đã gửi chunk 95/150 (chunk_id=254)
06:13:19 [INFO]   Đã gửi chunk 96/150 (chunk_id=255)
06:13:19 [INFO]   Đã gửi chunk 97/150 (chunk_id=256)
06:13:19 [INFO]   Đã gửi chunk 98/150 (chunk_id=257)
06:13:19 [INFO]   Đã gửi chunk 99/150 (chunk_id=258)
06:13:19 [INFO]   Đã gửi chunk 100/150 (chunk_id=259)
06:13:19 [INFO]   Đã gửi chunk 101/150 (chunk_id=260)
06:13:19 [INFO]   Đã gửi chunk 102/150 (chunk_id=261)
06:13:20 [INFO]   Đã gửi chunk 103/150 (chunk_id=262)
06:13:20 [INFO]   Đã gửi chunk 104/150 (chunk_id=263)
06:13:20 [INFO]   Đã gửi chunk 105/150 (chunk_id=264)
06:13:20 [INFO]   Đã gửi chunk 106/150 (chunk_id=265)
06:13:20 [INFO]   Đã gửi chunk 107/150 (chunk_id=266)
06:13:20 [INFO]   Đã gửi chunk 108/150 (chunk_id=267)
06:13:20 [INFO]   Đã gửi chunk 109/150 (chunk_id=268)
06:13:20 [INFO]   Đã gửi chunk 110/150 (chunk_id=269)
06:13:20 [INFO]   Đã gửi chunk 111/150 (chunk_id=270)
06:13:20 [INFO]   Đã gửi chunk 112/150 (chunk_id=271)
06:13:20 [INFO]   Đã gửi chunk 113/150 (chunk_id=272)
06:13:20 [INFO]   Đã gửi chunk 114/150 (chunk_id=273)
06:13:20 [INFO]   Đã gửi chunk 115/150 (chunk_id=274)
06:13:20 [INFO]   Đã gửi chunk 116/150 (chunk_id=275)
06:13:21 [INFO]   Đã gửi chunk 117/150 (chunk_id=276)
06:13:21 [INFO]   Đã gửi chunk 118/150 (chunk_id=277)
06:13:21 [INFO]   Đã gửi chunk 119/150 (chunk_id=278)
06:13:21 [INFO]   Đã gửi chunk 120/150 (chunk_id=279)
06:13:21 [INFO]   Đã gửi chunk 121/150 (chunk_id=280)
06:13:21 [INFO]   Đã gửi chunk 122/150 (chunk_id=281)
06:13:21 [INFO]   Đã gửi chunk 123/150 (chunk_id=282)
06:13:21 [INFO]   Đã gửi chunk 124/150 (chunk_id=283)
06:13:21 [INFO]   Đã gửi chunk 125/150 (chunk_id=284)
06:13:21 [INFO]   Đã gửi chunk 126/150 (chunk_id=285)
06:13:21 [INFO]   Đã gửi chunk 127/150 (chunk_id=286)
06:13:21 [INFO]   Đã gửi chunk 128/150 (chunk_id=287)
06:13:21 [INFO]   Đã gửi chunk 129/150 (chunk_id=288)
06:13:22 [INFO]   Đã gửi chunk 130/150 (chunk_id=289)
06:13:22 [INFO]   Đã gửi chunk 131/150 (chunk_id=290)
06:13:22 [INFO]   Đã gửi chunk 132/150 (chunk_id=291)
06:13:22 [INFO]   Đã gửi chunk 133/150 (chunk_id=292)
06:13:22 [INFO]   Đã gửi chunk 134/150 (chunk_id=293)
06:13:22 [INFO]   Đã gửi chunk 135/150 (chunk_id=294)
06:13:22 [INFO]   Đã gửi chunk 136/150 (chunk_id=295)
06:13:22 [INFO]   Đã gửi chunk 137/150 (chunk_id=296)
06:13:22 [INFO]   Đã gửi chunk 138/150 (chunk_id=297)
06:13:22 [INFO]   Đã gửi chunk 139/150 (chunk_id=298)
06:13:22 [INFO]   Đã gửi chunk 140/150 (chunk_id=299)
06:13:22 [INFO]   Đã gửi chunk 141/150 (chunk_id=300)
06:13:23 [INFO]   Đã gửi chunk 142/150 (chunk_id=301)
06:13:23 [INFO]   Đã gửi chunk 143/150 (chunk_id=302)
06:13:23 [INFO]   Đã gửi chunk 144/150 (chunk_id=303)
06:13:23 [INFO]   Đã gửi chunk 145/150 (chunk_id=304)
06:13:23 [INFO]   Đã gửi chunk 146/150 (chunk_id=305)
06:13:23 [INFO]   Đã gửi chunk 147/150 (chunk_id=306)
06:13:23 [INFO]   Đã gửi chunk 148/150 (chunk_id=307)
06:13:23 [INFO]   Đã gửi chunk 149/150 (chunk_id=308)
06:13:23 [INFO]   Đã gửi chunk 150/150 (chunk_id=309)
06:13:23 [INFO]   ✓ Gửi xong 150 chunks trong 11.96s
06:13:23 [INFO]   Đợi 5s để HPA và OpenFaaS autoscaler phản ứng...
06:13:28 [INFO]   → Pods=5 | CPU Worker1=8.3% | CPU Worker2=13.0% | Invocations=162.0
06:13:28 [INFO]   Đợi 60s ổn định trước phase tiếp theo...
06:14:28 [INFO] 
──────────────────────────────────────────────────────────────────────
06:14:28 [INFO]   PHASE 5/5: Gửi 200 chunks...
06:14:28 [INFO] ──────────────────────────────────────────────────────────────────────
06:14:28 [INFO]   Đã gửi chunk 1/200 (chunk_id=310)
06:14:29 [INFO]   Đã gửi chunk 2/200 (chunk_id=311)
06:14:29 [INFO]   Đã gửi chunk 3/200 (chunk_id=312)
06:14:29 [INFO]   Đã gửi chunk 4/200 (chunk_id=313)
06:14:29 [INFO]   Đã gửi chunk 5/200 (chunk_id=314)
06:14:29 [INFO]   Đã gửi chunk 6/200 (chunk_id=315)
06:14:29 [INFO]   Đã gửi chunk 7/200 (chunk_id=316)
06:14:29 [INFO]   Đã gửi chunk 8/200 (chunk_id=317)
06:14:29 [INFO]   Đã gửi chunk 9/200 (chunk_id=318)
06:14:29 [INFO]   Đã gửi chunk 10/200 (chunk_id=319)
06:14:29 [INFO]   Đã gửi chunk 11/200 (chunk_id=320)
06:14:29 [INFO]   Đã gửi chunk 12/200 (chunk_id=321)
06:14:29 [INFO]   Đã gửi chunk 13/200 (chunk_id=322)
06:14:29 [INFO]   Đã gửi chunk 14/200 (chunk_id=323)
06:14:30 [INFO]   Đã gửi chunk 15/200 (chunk_id=324)
06:14:30 [INFO]   Đã gửi chunk 16/200 (chunk_id=325)
06:14:30 [INFO]   Đã gửi chunk 17/200 (chunk_id=326)
06:14:30 [INFO]   Đã gửi chunk 18/200 (chunk_id=327)
06:14:30 [INFO]   Đã gửi chunk 19/200 (chunk_id=328)
06:14:30 [INFO]   Đã gửi chunk 20/200 (chunk_id=329)
06:14:30 [INFO]   Đã gửi chunk 21/200 (chunk_id=330)
06:14:30 [INFO]   Đã gửi chunk 22/200 (chunk_id=331)
06:14:30 [INFO]   Đã gửi chunk 23/200 (chunk_id=332)
06:14:30 [INFO]   Đã gửi chunk 24/200 (chunk_id=333)
06:14:30 [INFO]   Đã gửi chunk 25/200 (chunk_id=334)
06:14:31 [INFO]   Đã gửi chunk 26/200 (chunk_id=335)
06:14:31 [INFO]   Đã gửi chunk 27/200 (chunk_id=336)
06:14:31 [INFO]   Đã gửi chunk 28/200 (chunk_id=337)
06:14:31 [INFO]   Đã gửi chunk 29/200 (chunk_id=338)
06:14:31 [INFO]   Đã gửi chunk 30/200 (chunk_id=339)
06:14:31 [INFO]   Đã gửi chunk 31/200 (chunk_id=340)
06:14:31 [INFO]   Đã gửi chunk 32/200 (chunk_id=341)
06:14:31 [INFO]   Đã gửi chunk 33/200 (chunk_id=342)
06:14:31 [INFO]   Đã gửi chunk 34/200 (chunk_id=343)
06:14:31 [INFO]   Đã gửi chunk 35/200 (chunk_id=344)
06:14:32 [INFO]   Đã gửi chunk 36/200 (chunk_id=345)
06:14:32 [INFO]   Đã gửi chunk 37/200 (chunk_id=346)
06:14:32 [INFO]   Đã gửi chunk 38/200 (chunk_id=347)
06:14:32 [INFO]   Đã gửi chunk 39/200 (chunk_id=348)
06:14:32 [INFO]   Đã gửi chunk 40/200 (chunk_id=349)
06:14:32 [INFO]   Đã gửi chunk 41/200 (chunk_id=350)
06:14:32 [INFO]   Đã gửi chunk 42/200 (chunk_id=351)
06:14:32 [INFO]   Đã gửi chunk 43/200 (chunk_id=352)
06:14:32 [INFO]   Đã gửi chunk 44/200 (chunk_id=353)
06:14:32 [INFO]   Đã gửi chunk 45/200 (chunk_id=354)
06:14:33 [INFO]   Đã gửi chunk 46/200 (chunk_id=355)
06:14:33 [INFO]   Đã gửi chunk 47/200 (chunk_id=356)
06:14:33 [INFO]   Đã gửi chunk 48/200 (chunk_id=357)
06:14:33 [INFO]   Đã gửi chunk 49/200 (chunk_id=358)
06:14:33 [INFO]   Đã gửi chunk 50/200 (chunk_id=359)
06:14:33 [INFO]   Đã gửi chunk 51/200 (chunk_id=360)
06:14:33 [INFO]   Đã gửi chunk 52/200 (chunk_id=361)
06:14:33 [INFO]   Đã gửi chunk 53/200 (chunk_id=362)
06:14:33 [INFO]   Đã gửi chunk 54/200 (chunk_id=363)
06:14:33 [INFO]   Đã gửi chunk 55/200 (chunk_id=364)
06:14:33 [INFO]   Đã gửi chunk 56/200 (chunk_id=365)
06:14:34 [INFO]   Đã gửi chunk 57/200 (chunk_id=366)
06:14:34 [INFO]   Đã gửi chunk 58/200 (chunk_id=367)
06:14:34 [INFO]   Đã gửi chunk 59/200 (chunk_id=368)
06:14:34 [INFO]   Đã gửi chunk 60/200 (chunk_id=369)
06:14:34 [INFO]   Đã gửi chunk 61/200 (chunk_id=370)
06:14:34 [INFO]   Đã gửi chunk 62/200 (chunk_id=371)
06:14:34 [INFO]   Đã gửi chunk 63/200 (chunk_id=372)
06:14:34 [INFO]   Đã gửi chunk 64/200 (chunk_id=373)
06:14:34 [INFO]   Đã gửi chunk 65/200 (chunk_id=374)
06:14:34 [INFO]   Đã gửi chunk 66/200 (chunk_id=375)
06:14:35 [INFO]   Đã gửi chunk 67/200 (chunk_id=376)
06:14:35 [INFO]   Đã gửi chunk 68/200 (chunk_id=377)
06:14:35 [INFO]   Đã gửi chunk 69/200 (chunk_id=378)
06:14:35 [INFO]   Đã gửi chunk 70/200 (chunk_id=379)
06:14:35 [INFO]   Đã gửi chunk 71/200 (chunk_id=380)
06:14:35 [INFO]   Đã gửi chunk 72/200 (chunk_id=381)
06:14:35 [INFO]   Đã gửi chunk 73/200 (chunk_id=382)
06:14:35 [INFO]   Đã gửi chunk 74/200 (chunk_id=383)
06:14:35 [INFO]   Đã gửi chunk 75/200 (chunk_id=384)
06:14:35 [INFO]   Đã gửi chunk 76/200 (chunk_id=385)
06:14:36 [INFO]   Đã gửi chunk 77/200 (chunk_id=386)
06:14:36 [INFO]   Đã gửi chunk 78/200 (chunk_id=387)
06:14:36 [INFO]   Đã gửi chunk 79/200 (chunk_id=388)
06:14:36 [INFO]   Đã gửi chunk 80/200 (chunk_id=389)
06:14:36 [INFO]   Đã gửi chunk 81/200 (chunk_id=390)
06:14:36 [INFO]   Đã gửi chunk 82/200 (chunk_id=391)
06:14:36 [INFO]   Đã gửi chunk 83/200 (chunk_id=392)
06:14:36 [INFO]   Đã gửi chunk 84/200 (chunk_id=393)
06:14:36 [INFO]   Đã gửi chunk 85/200 (chunk_id=394)
06:14:36 [INFO]   Đã gửi chunk 86/200 (chunk_id=395)
06:14:36 [INFO]   Đã gửi chunk 87/200 (chunk_id=396)
06:14:36 [INFO]   Đã gửi chunk 88/200 (chunk_id=397)
06:14:37 [INFO]   Đã gửi chunk 89/200 (chunk_id=398)
06:14:37 [INFO]   Đã gửi chunk 90/200 (chunk_id=399)
06:14:37 [INFO]   Đã gửi chunk 91/200 (chunk_id=400)
06:14:37 [INFO]   Đã gửi chunk 92/200 (chunk_id=401)
06:14:37 [INFO]   Đã gửi chunk 93/200 (chunk_id=402)
06:14:37 [INFO]   Đã gửi chunk 94/200 (chunk_id=403)
06:14:37 [INFO]   Đã gửi chunk 95/200 (chunk_id=404)
06:14:37 [INFO]   Đã gửi chunk 96/200 (chunk_id=405)
06:14:37 [INFO]   Đã gửi chunk 97/200 (chunk_id=406)
06:14:37 [INFO]   Đã gửi chunk 98/200 (chunk_id=407)
06:14:37 [INFO]   Đã gửi chunk 99/200 (chunk_id=408)
06:14:37 [INFO]   Đã gửi chunk 100/200 (chunk_id=409)
06:14:37 [INFO]   Đã gửi chunk 101/200 (chunk_id=410)
06:14:38 [INFO]   Đã gửi chunk 102/200 (chunk_id=411)
06:14:38 [INFO]   Đã gửi chunk 103/200 (chunk_id=412)
06:14:38 [INFO]   Đã gửi chunk 104/200 (chunk_id=413)
06:14:38 [INFO]   Đã gửi chunk 105/200 (chunk_id=414)
06:14:38 [INFO]   Đã gửi chunk 106/200 (chunk_id=415)
06:14:38 [INFO]   Đã gửi chunk 107/200 (chunk_id=416)
06:14:38 [INFO]   Đã gửi chunk 108/200 (chunk_id=417)
06:14:38 [INFO]   Đã gửi chunk 109/200 (chunk_id=418)
06:14:38 [INFO]   Đã gửi chunk 110/200 (chunk_id=419)
06:14:38 [INFO]   Đã gửi chunk 111/200 (chunk_id=420)
06:14:38 [INFO]   Đã gửi chunk 112/200 (chunk_id=421)
06:14:38 [INFO]   Đã gửi chunk 113/200 (chunk_id=422)
06:14:39 [INFO]   Đã gửi chunk 114/200 (chunk_id=423)
06:14:39 [INFO]   Đã gửi chunk 115/200 (chunk_id=424)
06:14:39 [INFO]   Đã gửi chunk 116/200 (chunk_id=425)
06:14:39 [INFO]   Đã gửi chunk 117/200 (chunk_id=426)
06:14:39 [INFO]   Đã gửi chunk 118/200 (chunk_id=427)
06:14:39 [INFO]   Đã gửi chunk 119/200 (chunk_id=428)
06:14:39 [INFO]   Đã gửi chunk 120/200 (chunk_id=429)
06:14:39 [INFO]   Đã gửi chunk 121/200 (chunk_id=430)
06:14:39 [INFO]   Đã gửi chunk 122/200 (chunk_id=431)
06:14:39 [INFO]   Đã gửi chunk 123/200 (chunk_id=432)
06:14:40 [INFO]   Đã gửi chunk 124/200 (chunk_id=433)
06:14:40 [INFO]   Đã gửi chunk 125/200 (chunk_id=434)
06:14:40 [INFO]   Đã gửi chunk 126/200 (chunk_id=435)
06:14:40 [INFO]   Đã gửi chunk 127/200 (chunk_id=436)
06:14:40 [INFO]   Đã gửi chunk 128/200 (chunk_id=437)
06:14:40 [INFO]   Đã gửi chunk 129/200 (chunk_id=438)
06:14:40 [INFO]   Đã gửi chunk 130/200 (chunk_id=439)
06:14:40 [INFO]   Đã gửi chunk 131/200 (chunk_id=440)
06:14:40 [INFO]   Đã gửi chunk 132/200 (chunk_id=441)
06:14:40 [INFO]   Đã gửi chunk 133/200 (chunk_id=442)
06:14:40 [INFO]   Đã gửi chunk 134/200 (chunk_id=443)
06:14:41 [INFO]   Đã gửi chunk 135/200 (chunk_id=444)
06:14:41 [INFO]   Đã gửi chunk 136/200 (chunk_id=445)
06:14:41 [INFO]   Đã gửi chunk 137/200 (chunk_id=446)
06:14:41 [INFO]   Đã gửi chunk 138/200 (chunk_id=447)
06:14:41 [INFO]   Đã gửi chunk 139/200 (chunk_id=448)
06:14:41 [INFO]   Đã gửi chunk 140/200 (chunk_id=449)
06:14:41 [INFO]   Đã gửi chunk 141/200 (chunk_id=450)
06:14:41 [INFO]   Đã gửi chunk 142/200 (chunk_id=451)
06:14:41 [INFO]   Đã gửi chunk 143/200 (chunk_id=452)
06:14:41 [INFO]   Đã gửi chunk 144/200 (chunk_id=453)
06:14:41 [INFO]   Đã gửi chunk 145/200 (chunk_id=454)
06:14:41 [INFO]   Đã gửi chunk 146/200 (chunk_id=455)
06:14:42 [INFO]   Đã gửi chunk 147/200 (chunk_id=456)
06:14:42 [INFO]   Đã gửi chunk 148/200 (chunk_id=457)
06:14:42 [INFO]   Đã gửi chunk 149/200 (chunk_id=458)
06:14:42 [INFO]   Đã gửi chunk 150/200 (chunk_id=459)
06:14:42 [INFO]   Đã gửi chunk 151/200 (chunk_id=460)
06:14:42 [INFO]   Đã gửi chunk 152/200 (chunk_id=461)
06:14:42 [INFO]   Đã gửi chunk 153/200 (chunk_id=462)
06:14:42 [INFO]   Đã gửi chunk 154/200 (chunk_id=463)
06:14:42 [INFO]   Đã gửi chunk 155/200 (chunk_id=464)
06:14:42 [INFO]   Đã gửi chunk 156/200 (chunk_id=465)
06:14:42 [INFO]   Đã gửi chunk 157/200 (chunk_id=466)
06:14:42 [INFO]   Đã gửi chunk 158/200 (chunk_id=467)
06:14:42 [INFO]   Đã gửi chunk 159/200 (chunk_id=468)
06:14:43 [INFO]   Đã gửi chunk 160/200 (chunk_id=469)
06:14:43 [INFO]   Đã gửi chunk 161/200 (chunk_id=470)
06:14:43 [INFO]   Đã gửi chunk 162/200 (chunk_id=471)
06:14:43 [INFO]   Đã gửi chunk 163/200 (chunk_id=472)
06:14:43 [INFO]   Đã gửi chunk 164/200 (chunk_id=473)
06:14:43 [INFO]   Đã gửi chunk 165/200 (chunk_id=474)
06:14:43 [INFO]   Đã gửi chunk 166/200 (chunk_id=475)
06:14:43 [INFO]   Đã gửi chunk 167/200 (chunk_id=476)
06:14:43 [INFO]   Đã gửi chunk 168/200 (chunk_id=477)
06:14:43 [INFO]   Đã gửi chunk 169/200 (chunk_id=478)
06:14:43 [INFO]   Đã gửi chunk 170/200 (chunk_id=479)
06:14:43 [INFO]   Đã gửi chunk 171/200 (chunk_id=480)
06:14:43 [INFO]   Đã gửi chunk 172/200 (chunk_id=481)
06:14:44 [INFO]   Đã gửi chunk 173/200 (chunk_id=482)
06:14:44 [INFO]   Đã gửi chunk 174/200 (chunk_id=483)
06:14:44 [INFO]   Đã gửi chunk 175/200 (chunk_id=484)
06:14:44 [INFO]   Đã gửi chunk 176/200 (chunk_id=485)
06:14:44 [INFO]   Đã gửi chunk 177/200 (chunk_id=486)
06:14:44 [INFO]   Đã gửi chunk 178/200 (chunk_id=487)
06:14:44 [INFO]   Đã gửi chunk 179/200 (chunk_id=488)
06:14:44 [INFO]   Đã gửi chunk 180/200 (chunk_id=489)
06:14:44 [INFO]   Đã gửi chunk 181/200 (chunk_id=490)
06:14:44 [INFO]   Đã gửi chunk 182/200 (chunk_id=491)
06:14:44 [INFO]   Đã gửi chunk 183/200 (chunk_id=492)
06:14:45 [INFO]   Đã gửi chunk 184/200 (chunk_id=493)
06:14:45 [INFO]   Đã gửi chunk 185/200 (chunk_id=494)
06:14:45 [INFO]   Đã gửi chunk 186/200 (chunk_id=495)
06:14:45 [INFO]   Đã gửi chunk 187/200 (chunk_id=496)
06:14:45 [INFO]   Đã gửi chunk 188/200 (chunk_id=497)
06:14:45 [INFO]   Đã gửi chunk 189/200 (chunk_id=498)
06:14:45 [INFO]   Đã gửi chunk 190/200 (chunk_id=499)
06:14:45 [INFO]   Đã gửi chunk 191/200 (chunk_id=500)
06:14:45 [INFO]   Đã gửi chunk 192/200 (chunk_id=501)
06:14:45 [INFO]   Đã gửi chunk 193/200 (chunk_id=502)
06:14:46 [INFO]   Đã gửi chunk 194/200 (chunk_id=503)
06:14:46 [INFO]   Đã gửi chunk 195/200 (chunk_id=504)
06:14:46 [INFO]   Đã gửi chunk 196/200 (chunk_id=505)
06:14:46 [INFO]   Đã gửi chunk 197/200 (chunk_id=506)
06:14:46 [INFO]   Đã gửi chunk 198/200 (chunk_id=507)
06:14:46 [INFO]   Đã gửi chunk 199/200 (chunk_id=508)
06:14:46 [INFO]   Đã gửi chunk 200/200 (chunk_id=509)
06:14:46 [INFO]   ✓ Gửi xong 200 chunks trong 17.79s
06:14:46 [INFO]   Đợi 5s để HPA và OpenFaaS autoscaler phản ứng...
06:14:51 [INFO]   → Pods=5 | CPU Worker1=4.4% | CPU Worker2=13.3% | Invocations=177.0
06:14:51 [INFO] 
══════════════════════════════════════════════════════════════════════
06:14:51 [INFO]   KẾT QUẢ TỔNG HỢP — Kịch bản 1: Scalability
06:14:51 [INFO] ══════════════════════════════════════════════════════════════════════
06:14:51 [INFO] 
  PHÂN TÍCH:
06:14:51 [INFO]   ✓ Scale OUT xác nhận: 1 → 5 pods
06:14:51 [INFO]   CPU Worker1 peak: 8.3%
06:14:51 [INFO]   CPU Worker2 peak: 13.3%
06:14:51 [INFO]   ✓ Tải phân bổ đều: chênh lệch 4.9% (< 20%)
06:14:51 [INFO] <KafkaProducer client_id=kafka-python-producer-1 transactional_id=None>: Closing the Kafka producer with 9223372036.0 secs timeout.
06:14:51 [INFO] <BrokerConnection client_id=kafka-python-producer-1, node_id=0 host=192.168.125.106:30093 <connected> [IPv4 ('192.168.125.106', 30093)]>: Closing connection. 
06:14:51 [INFO] <BrokerConnection client_id=kafka-python-producer-1, node_id=100 host=192.168.125.105:30092 <connected> [IPv4 ('192.168.125.105', 30092)]>: Closing connection. 
06:14:51 [INFO] 
  Kịch bản 1 hoàn thành.
+------------------+----------+--------+----------+-----------+-----------+---------------+
| Phase            |   Chunks |   Pods |   CPU M% |   CPU W1% |   CPU W2% |   Invocations |
+==================+==========+========+==========+===========+===========+===============+
| BASELINE         |        0 |      1 |     11.3 |       7.6 |       4   |           123 |
+------------------+----------+--------+----------+-----------+-----------+---------------+
| PHASE_10_chunks  |       10 |      1 |     11.3 |       2.8 |       4   |           123 |
+------------------+----------+--------+----------+-----------+-----------+---------------+
| PHASE_50_chunks  |       50 |      4 |     21.5 |       8.3 |       4.7 |           135 |
+------------------+----------+--------+----------+-----------+-----------+---------------+
| PHASE_100_chunks |      100 |      5 |     14.7 |       3.3 |       3   |           148 |
+------------------+----------+--------+----------+-----------+-----------+---------------+
| PHASE_150_chunks |      150 |      5 |     20.1 |       8.3 |      13   |           162 |
+------------------+----------+--------+----------+-----------+-----------+---------------+
| PHASE_200_chunks |      200 |      5 |      8.9 |       4.4 |      13.3 |           177 |
+------------------+----------+--------+----------+-----------+-----------+---------------+
